2024-06-09 17:37:15,120.hm_consumer.INFO ==================================================
2024-06-09 17:37:15,120.hm_consumer.INFO Today is 2024-06-09 at 05:37 PM
2024-06-09 17:37:15,120.hm_consumer.INFO Running on: nt Windows 10
2024-06-09 17:37:15,121.hm_consumer.INFO Python version:  3.10.11
2024-06-09 17:37:15,121.hm_consumer.INFO Python path: C:\Users\Hayley\Documents\streaming-06-smart-smoker\.venv
2024-06-09 17:37:15,121.hm_consumer.INFO Working dir: C:\Users\Hayley\Documents\streaming-06-smart-smoker
2024-06-09 17:37:15,121.hm_consumer.INFO ==================================================
2024-06-09 17:37:16,732.hm_consumer.INFO Opened RabbitMQ
2024-06-09 17:37:16,790.hm_consumer.INFO Food Stall Alert! pineapple temperature changed by 1.0F in 10 minutes.
2024-06-09 17:37:16,793.hm_consumer.INFO Food Stall Alert! pineapple temperature changed by 0.6000000000000014F in 10 minutes.
2024-06-09 17:37:16,800.hm_consumer.INFO  [!] Smoker Alert! Temp dropped by 16.599999999999994F in 2.5 minutes.
2024-06-09 17:37:16,802.hm_consumer.INFO  [!] Smoker Alert! Temp dropped by 16.599999999999994F in 2.5 minutes.
2024-06-09 17:37:16,936.hm_consumer.INFO  [!] Smoker Alert! Temp dropped by 32.60000000000002F in 2.5 minutes.
2024-06-09 17:37:16,937.hm_consumer.INFO  [!] Smoker Alert! Temp dropped by 32.60000000000002F in 2.5 minutes.
2024-06-09 17:37:16,938.hm_consumer.INFO  [!] Smoker Alert! Temp dropped by 32.0F in 2.5 minutes.
2024-06-09 17:37:16,940.hm_consumer.INFO  [!] Smoker Alert! Temp dropped by 32.0F in 2.5 minutes.
2024-06-09 17:37:17,087.hm_consumer.INFO Food Stall Alert! pineapple temperature changed by 1.0F in 10 minutes.
2024-06-09 17:37:17,089.hm_consumer.INFO Food Stall Alert! pineapple temperature changed by 1.0F in 10 minutes.
2024-06-09 17:37:17,091.hm_consumer.INFO Food Stall Alert! pineapple temperature changed by 1.0F in 10 minutes.
2024-06-09 17:37:17,093.hm_consumer.INFO Food Stall Alert! pineapple temperature changed by 0.8999999999999773F in 10 minutes.
2024-06-09 17:37:17,094.hm_consumer.INFO Food Stall Alert! pineapple temperature changed by 1.0F in 10 minutes.
2024-06-09 17:37:17,095.hm_consumer.INFO Food Stall Alert! pineapple temperature changed by 0.9000000000000057F in 10 minutes.
2024-06-09 17:37:17,097.hm_consumer.INFO Food Stall Alert! pineapple temperature changed by 1.0F in 10 minutes.
2024-06-09 17:37:17,098.hm_consumer.INFO Food Stall Alert! pineapple temperature changed by 0.9000000000000057F in 10 minutes.
2024-06-09 17:37:17,100.hm_consumer.INFO Food Stall Alert! pineapple temperature changed by 1.0F in 10 minutes.
2024-06-09 17:37:17,102.hm_consumer.INFO Food Stall Alert! pineapple temperature changed by 0.9000000000000057F in 10 minutes.
2024-06-09 17:37:17,103.hm_consumer.INFO Food Stall Alert! pineapple temperature changed by 1.0F in 10 minutes.
2024-06-09 17:37:17,104.hm_consumer.INFO Food Stall Alert! pineapple temperature changed by 0.9000000000000057F in 10 minutes.
2024-06-09 17:37:17,105.hm_consumer.INFO Food Stall Alert! pineapple temperature changed by 1.0F in 10 minutes.
2024-06-09 17:37:17,107.hm_consumer.INFO  [!] Food Stall Alert! jackfruit temp changed by 1.0F in 10 minutes.
2024-06-09 17:37:17,108.hm_consumer.INFO Food Stall Alert! pineapple temperature changed by 0.8999999999999773F in 10 minutes.
2024-06-09 17:37:17,109.hm_consumer.INFO Food Stall Alert! pineapple temperature changed by 1.0F in 10 minutes.
2024-06-09 17:37:17,110.hm_consumer.INFO  [!] Food Stall Alert! jackfruit temp changed by 1.0F in 10 minutes.
2024-06-09 17:37:17,111.hm_consumer.INFO Food Stall Alert! pineapple temperature changed by 0.9000000000000057F in 10 minutes.
2024-06-09 17:37:17,113.hm_consumer.INFO Food Stall Alert! pineapple temperature changed by 0.9000000000000057F in 10 minutes.
2024-06-09 17:37:17,114.hm_consumer.INFO  [!] Food Stall Alert! jackfruit temp changed by 1.0F in 10 minutes.
2024-06-09 17:37:17,115.hm_consumer.INFO Food Stall Alert! pineapple temperature changed by 0.8000000000000114F in 10 minutes.
2024-06-09 17:37:17,116.hm_consumer.INFO Food Stall Alert! pineapple temperature changed by 0.9000000000000057F in 10 minutes.
2024-06-09 17:37:17,117.hm_consumer.INFO  [!] Food Stall Alert! jackfruit temp changed by 0.9000000000000057F in 10 minutes.
2024-06-09 17:37:17,118.hm_consumer.INFO Food Stall Alert! pineapple temperature changed by 0.700000000000017F in 10 minutes.
2024-06-09 17:37:17,118.hm_consumer.INFO  [!] Food Stall Alert! jackfruit temp changed by 1.0F in 10 minutes.
2024-06-09 17:37:17,119.hm_consumer.INFO Food Stall Alert! pineapple temperature changed by 0.8000000000000114F in 10 minutes.
2024-06-09 17:37:17,120.hm_consumer.INFO  [!] Food Stall Alert! jackfruit temp changed by 0.8999999999999773F in 10 minutes.
2024-06-09 17:37:17,122.hm_consumer.INFO Food Stall Alert! pineapple temperature changed by 0.8000000000000114F in 10 minutes.
2024-06-09 17:37:17,122.hm_consumer.INFO  [!] Food Stall Alert! jackfruit temp changed by 1.0F in 10 minutes.
2024-06-09 17:37:17,123.hm_consumer.INFO Food Stall Alert! pineapple temperature changed by 0.8000000000000114F in 10 minutes.
2024-06-09 17:37:17,123.hm_consumer.INFO  [!] Food Stall Alert! jackfruit temp changed by 0.9000000000000057F in 10 minutes.
2024-06-09 17:37:17,124.hm_consumer.INFO Food Stall Alert! pineapple temperature changed by 0.6999999999999886F in 10 minutes.
2024-06-09 17:37:17,125.hm_consumer.INFO  [!] Food Stall Alert! jackfruit temp changed by 1.0F in 10 minutes.
2024-06-09 17:37:17,125.hm_consumer.INFO Food Stall Alert! pineapple temperature changed by 0.799999999999983F in 10 minutes.
2024-06-09 17:37:17,127.hm_consumer.INFO  [!] Food Stall Alert! jackfruit temp changed by 0.9000000000000057F in 10 minutes.
2024-06-09 17:37:17,128.hm_consumer.INFO Food Stall Alert! pineapple temperature changed by 0.6999999999999886F in 10 minutes.
2024-06-09 17:37:17,129.hm_consumer.INFO  [!] Food Stall Alert! jackfruit temp changed by 0.9000000000000057F in 10 minutes.
2024-06-09 17:37:17,130.hm_consumer.INFO Food Stall Alert! pineapple temperature changed by 0.799999999999983F in 10 minutes.
2024-06-09 17:37:17,130.hm_consumer.INFO  [!] Food Stall Alert! jackfruit temp changed by 0.8000000000000114F in 10 minutes.
2024-06-09 17:37:17,131.hm_consumer.INFO Food Stall Alert! pineapple temperature changed by 0.6999999999999886F in 10 minutes.
2024-06-09 17:37:17,132.hm_consumer.INFO  [!] Food Stall Alert! jackfruit temp changed by 0.9000000000000057F in 10 minutes.
2024-06-09 17:37:17,133.hm_consumer.INFO Food Stall Alert! pineapple temperature changed by 0.6999999999999886F in 10 minutes.
2024-06-09 17:37:17,134.hm_consumer.INFO  [!] Food Stall Alert! jackfruit temp changed by 0.8000000000000114F in 10 minutes.
2024-06-09 17:37:17,135.hm_consumer.INFO Food Stall Alert! pineapple temperature changed by 0.5999999999999943F in 10 minutes.
2024-06-09 17:37:17,135.hm_consumer.INFO  [!] Food Stall Alert! jackfruit temp changed by 0.9000000000000057F in 10 minutes.
2024-06-09 17:37:17,136.hm_consumer.INFO Food Stall Alert! pineapple temperature changed by 0.700000000000017F in 10 minutes.
2024-06-09 17:37:17,137.hm_consumer.INFO  [!] Food Stall Alert! jackfruit temp changed by 0.799999999999983F in 10 minutes.
2024-06-09 17:37:17,137.hm_consumer.INFO Food Stall Alert! pineapple temperature changed by 0.6000000000000227F in 10 minutes.
2024-06-09 17:37:17,138.hm_consumer.INFO  [!] Food Stall Alert! jackfruit temp changed by 0.799999999999983F in 10 minutes.
2024-06-09 17:37:17,139.hm_consumer.INFO Food Stall Alert! pineapple temperature changed by 0.700000000000017F in 10 minutes.
2024-06-09 17:37:17,139.hm_consumer.INFO  [!] Food Stall Alert! jackfruit temp changed by 0.6999999999999886F in 10 minutes.
2024-06-09 17:37:17,140.hm_consumer.INFO Food Stall Alert! pineapple temperature changed by 0.5999999999999943F in 10 minutes.
2024-06-09 17:37:17,141.hm_consumer.INFO  [!] Food Stall Alert! jackfruit temp changed by 0.799999999999983F in 10 minutes.
2024-06-09 17:37:17,142.hm_consumer.INFO Food Stall Alert! pineapple temperature changed by 0.5999999999999943F in 10 minutes.
2024-06-09 17:37:17,143.hm_consumer.INFO  [!] Food Stall Alert! jackfruit temp changed by 0.6999999999999886F in 10 minutes.
2024-06-09 17:37:17,143.hm_consumer.INFO Food Stall Alert! pineapple temperature changed by 0.5999999999999943F in 10 minutes.
2024-06-09 17:37:17,144.hm_consumer.INFO  [!] Food Stall Alert! jackfruit temp changed by 0.6999999999999886F in 10 minutes.
2024-06-09 17:37:17,145.hm_consumer.INFO Food Stall Alert! pineapple temperature changed by 0.6999999999999886F in 10 minutes.
2024-06-09 17:37:17,146.hm_consumer.INFO  [!] Food Stall Alert! jackfruit temp changed by 0.5999999999999943F in 10 minutes.
2024-06-09 17:37:17,147.hm_consumer.INFO Food Stall Alert! pineapple temperature changed by 0.5999999999999943F in 10 minutes.
2024-06-09 17:37:17,157.hm_consumer.INFO  [!] Food Stall Alert! jackfruit temp changed by 0.700000000000017F in 10 minutes.
2024-06-09 17:37:17,158.hm_consumer.INFO Food Stall Alert! pineapple temperature changed by 0.5999999999999943F in 10 minutes.
2024-06-09 17:37:17,158.hm_consumer.INFO  [!] Food Stall Alert! jackfruit temp changed by 0.6000000000000227F in 10 minutes.
2024-06-09 17:37:17,159.hm_consumer.INFO Food Stall Alert! pineapple temperature changed by 0.5F in 10 minutes.
2024-06-09 17:37:17,160.hm_consumer.INFO  [!] Food Stall Alert! jackfruit temp changed by 0.6000000000000227F in 10 minutes.
2024-06-09 17:37:17,161.hm_consumer.INFO Food Stall Alert! pineapple temperature changed by 0.5999999999999943F in 10 minutes.
2024-06-09 17:37:17,162.hm_consumer.INFO  [!] Food Stall Alert! jackfruit temp changed by 0.5F in 10 minutes.
2024-06-09 17:37:17,163.hm_consumer.INFO Food Stall Alert! pineapple temperature changed by 0.5999999999999943F in 10 minutes.
2024-06-09 17:37:17,164.hm_consumer.INFO  [!] Food Stall Alert! jackfruit temp changed by 0.5F in 10 minutes.
2024-06-09 17:37:17,164.hm_consumer.INFO Food Stall Alert! pineapple temperature changed by 0.5999999999999943F in 10 minutes.
2024-06-09 17:37:17,165.hm_consumer.INFO  [!] Food Stall Alert! jackfruit temp changed by 0.4000000000000057F in 10 minutes.
2024-06-09 17:37:17,166.hm_consumer.INFO Food Stall Alert! pineapple temperature changed by 0.5F in 10 minutes.
2024-06-09 17:37:17,166.hm_consumer.INFO  [!] Food Stall Alert! jackfruit temp changed by 0.4000000000000057F in 10 minutes.
2024-06-09 17:37:17,168.hm_consumer.INFO Food Stall Alert! pineapple temperature changed by 0.5999999999999943F in 10 minutes.
2024-06-09 17:37:17,168.hm_consumer.INFO  [!] Food Stall Alert! jackfruit temp changed by 0.4000000000000057F in 10 minutes.
2024-06-09 17:37:17,170.hm_consumer.INFO Food Stall Alert! pineapple temperature changed by 0.5F in 10 minutes.
2024-06-09 17:37:17,170.hm_consumer.INFO  [!] Food Stall Alert! jackfruit temp changed by 0.4000000000000057F in 10 minutes.
2024-06-09 17:37:17,171.hm_consumer.INFO Food Stall Alert! pineapple temperature changed by 0.5F in 10 minutes.
2024-06-09 17:37:17,172.hm_consumer.INFO  [!] Food Stall Alert! jackfruit temp changed by 0.30000000000001137F in 10 minutes.
2024-06-09 17:37:17,173.hm_consumer.INFO Food Stall Alert! pineapple temperature changed by 0.5F in 10 minutes.
2024-06-09 17:37:17,174.hm_consumer.INFO  [!] Food Stall Alert! jackfruit temp changed by 0.4000000000000057F in 10 minutes.
2024-06-09 17:37:17,175.hm_consumer.INFO Food Stall Alert! pineapple temperature changed by 0.6000000000000227F in 10 minutes.
2024-06-09 17:37:17,175.hm_consumer.INFO  [!] Food Stall Alert! jackfruit temp changed by 0.30000000000001137F in 10 minutes.
2024-06-09 17:37:17,176.hm_consumer.INFO Food Stall Alert! pineapple temperature changed by 0.5F in 10 minutes.
2024-06-09 17:37:17,177.hm_consumer.INFO  [!] Food Stall Alert! jackfruit temp changed by 0.30000000000001137F in 10 minutes.
2024-06-09 17:37:17,177.hm_consumer.INFO Food Stall Alert! pineapple temperature changed by 0.5F in 10 minutes.
2024-06-09 17:37:17,178.hm_consumer.INFO  [!] Food Stall Alert! jackfruit temp changed by 0.30000000000001137F in 10 minutes.
2024-06-09 17:37:17,179.hm_consumer.INFO Food Stall Alert! pineapple temperature changed by 0.4000000000000057F in 10 minutes.
2024-06-09 17:37:17,180.hm_consumer.INFO  [!] Food Stall Alert! jackfruit temp changed by 0.30000000000001137F in 10 minutes.
2024-06-09 17:37:17,180.hm_consumer.INFO Food Stall Alert! pineapple temperature changed by 0.4000000000000057F in 10 minutes.
2024-06-09 17:37:17,181.hm_consumer.INFO  [!] Food Stall Alert! jackfruit temp changed by 0.20000000000001705F in 10 minutes.
2024-06-09 17:37:17,182.hm_consumer.INFO Food Stall Alert! pineapple temperature changed by 0.4000000000000057F in 10 minutes.
2024-06-09 17:37:17,183.hm_consumer.INFO  [!] Food Stall Alert! jackfruit temp changed by 0.30000000000001137F in 10 minutes.
2024-06-09 17:37:17,183.hm_consumer.INFO Food Stall Alert! pineapple temperature changed by 0.5F in 10 minutes.
2024-06-09 17:37:17,184.hm_consumer.INFO  [!] Food Stall Alert! jackfruit temp changed by 0.30000000000001137F in 10 minutes.
2024-06-09 17:37:17,185.hm_consumer.INFO Food Stall Alert! pineapple temperature changed by 0.4000000000000057F in 10 minutes.
2024-06-09 17:37:17,185.hm_consumer.INFO  [!] Food Stall Alert! jackfruit temp changed by 0.30000000000001137F in 10 minutes.
2024-06-09 17:37:17,186.hm_consumer.INFO Food Stall Alert! pineapple temperature changed by 0.4000000000000057F in 10 minutes.
2024-06-09 17:37:17,187.hm_consumer.INFO  [!] Food Stall Alert! jackfruit temp changed by 0.19999999999998863F in 10 minutes.
2024-06-09 17:37:17,188.hm_consumer.INFO Food Stall Alert! pineapple temperature changed by 0.4000000000000057F in 10 minutes.
2024-06-09 17:37:17,189.hm_consumer.INFO  [!] Food Stall Alert! jackfruit temp changed by 0.19999999999998863F in 10 minutes.
2024-06-09 17:37:17,190.hm_consumer.INFO Food Stall Alert! pineapple temperature changed by 0.4000000000000057F in 10 minutes.
2024-06-09 17:37:17,191.hm_consumer.INFO  [!] Food Stall Alert! jackfruit temp changed by 0.19999999999998863F in 10 minutes.
2024-06-09 17:37:17,191.hm_consumer.INFO Food Stall Alert! pineapple temperature changed by 0.30000000000001137F in 10 minutes.
2024-06-09 17:37:17,192.hm_consumer.INFO  [!] Food Stall Alert! jackfruit temp changed by 0.29999999999998295F in 10 minutes.
2024-06-09 17:37:17,193.hm_consumer.INFO Food Stall Alert! pineapple temperature changed by 0.4000000000000057F in 10 minutes.
2024-06-09 17:37:17,193.hm_consumer.INFO  [!] Food Stall Alert! jackfruit temp changed by 0.29999999999998295F in 10 minutes.
2024-06-09 17:37:17,194.hm_consumer.INFO Food Stall Alert! pineapple temperature changed by 0.4000000000000057F in 10 minutes.
2024-06-09 17:37:17,194.hm_consumer.INFO  [!] Food Stall Alert! jackfruit temp changed by 0.29999999999998295F in 10 minutes.
2024-06-09 17:37:17,195.hm_consumer.INFO Food Stall Alert! pineapple temperature changed by 0.4000000000000057F in 10 minutes.
2024-06-09 17:37:17,196.hm_consumer.INFO  [!] Food Stall Alert! jackfruit temp changed by 0.29999999999998295F in 10 minutes.
2024-06-09 17:37:17,197.hm_consumer.INFO Food Stall Alert! pineapple temperature changed by 0.30000000000001137F in 10 minutes.
2024-06-09 17:37:17,197.hm_consumer.INFO  [!] Food Stall Alert! jackfruit temp changed by 0.29999999999998295F in 10 minutes.
2024-06-09 17:37:17,198.hm_consumer.INFO Food Stall Alert! pineapple temperature changed by 0.30000000000001137F in 10 minutes.
2024-06-09 17:37:17,199.hm_consumer.INFO  [!] Food Stall Alert! jackfruit temp changed by 0.29999999999998295F in 10 minutes.
2024-06-09 17:37:17,199.hm_consumer.INFO Food Stall Alert! pineapple temperature changed by 0.30000000000001137F in 10 minutes.
2024-06-09 17:37:17,200.hm_consumer.INFO  [!] Food Stall Alert! jackfruit temp changed by 0.39999999999997726F in 10 minutes.
2024-06-09 17:37:17,201.hm_consumer.INFO Food Stall Alert! pineapple temperature changed by 0.4000000000000057F in 10 minutes.
2024-06-09 17:37:17,201.hm_consumer.INFO  [!] Food Stall Alert! jackfruit temp changed by 0.29999999999998295F in 10 minutes.
2024-06-09 17:37:17,202.hm_consumer.INFO Food Stall Alert! pineapple temperature changed by 0.29999999999998295F in 10 minutes.
2024-06-09 17:37:17,203.hm_consumer.INFO  [!] Food Stall Alert! jackfruit temp changed by 0.29999999999998295F in 10 minutes.
2024-06-09 17:37:17,203.hm_consumer.INFO Food Stall Alert! pineapple temperature changed by 0.29999999999998295F in 10 minutes.
2024-06-09 17:37:17,204.hm_consumer.INFO  [!] Food Stall Alert! jackfruit temp changed by 0.29999999999998295F in 10 minutes.
2024-06-09 17:37:17,205.hm_consumer.INFO Food Stall Alert! pineapple temperature changed by 0.29999999999998295F in 10 minutes.
2024-06-09 17:37:17,205.hm_consumer.INFO  [!] Food Stall Alert! jackfruit temp changed by 0.29999999999998295F in 10 minutes.
2024-06-09 17:37:17,206.hm_consumer.INFO Food Stall Alert! pineapple temperature changed by 0.29999999999998295F in 10 minutes.
2024-06-09 17:37:17,207.hm_consumer.INFO  [!] Food Stall Alert! jackfruit temp changed by 0.29999999999998295F in 10 minutes.
2024-06-09 17:37:17,208.hm_consumer.INFO Food Stall Alert! pineapple temperature changed by 0.29999999999998295F in 10 minutes.
2024-06-09 17:37:17,209.hm_consumer.INFO  [!] Food Stall Alert! jackfruit temp changed by 0.4000000000000057F in 10 minutes.
2024-06-09 17:37:17,210.hm_consumer.INFO Food Stall Alert! pineapple temperature changed by 0.29999999999998295F in 10 minutes.
2024-06-09 17:37:17,211.hm_consumer.INFO  [!] Food Stall Alert! jackfruit temp changed by 0.30000000000001137F in 10 minutes.
2024-06-09 17:37:17,212.hm_consumer.INFO Food Stall Alert! pineapple temperature changed by 0.19999999999998863F in 10 minutes.
2024-06-09 17:37:17,213.hm_consumer.INFO  [!] Food Stall Alert! jackfruit temp changed by 0.30000000000001137F in 10 minutes.
2024-06-09 17:37:17,213.hm_consumer.INFO Food Stall Alert! pineapple temperature changed by 0.29999999999998295F in 10 minutes.
2024-06-09 17:37:17,214.hm_consumer.INFO  [!] Food Stall Alert! jackfruit temp changed by 0.30000000000001137F in 10 minutes.
2024-06-09 17:37:17,214.hm_consumer.INFO Food Stall Alert! pineapple temperature changed by 0.29999999999998295F in 10 minutes.
2024-06-09 17:37:17,215.hm_consumer.INFO  [!] Food Stall Alert! jackfruit temp changed by 0.4000000000000057F in 10 minutes.
2024-06-09 17:37:17,216.hm_consumer.INFO Food Stall Alert! pineapple temperature changed by 0.29999999999998295F in 10 minutes.
2024-06-09 17:37:17,216.hm_consumer.INFO  [!] Food Stall Alert! jackfruit temp changed by 0.4000000000000057F in 10 minutes.
2024-06-09 17:37:17,217.hm_consumer.INFO Food Stall Alert! pineapple temperature changed by 0.29999999999998295F in 10 minutes.
2024-06-09 17:37:17,218.hm_consumer.INFO  [!] Food Stall Alert! jackfruit temp changed by 0.4000000000000057F in 10 minutes.
2024-06-09 17:37:17,218.hm_consumer.INFO Food Stall Alert! pineapple temperature changed by 0.29999999999998295F in 10 minutes.
2024-06-09 17:37:17,219.hm_consumer.INFO  [!] Food Stall Alert! jackfruit temp changed by 0.30000000000001137F in 10 minutes.
2024-06-09 17:37:17,220.hm_consumer.INFO Food Stall Alert! pineapple temperature changed by 0.19999999999998863F in 10 minutes.
2024-06-09 17:37:17,221.hm_consumer.INFO  [!] Food Stall Alert! jackfruit temp changed by 0.30000000000001137F in 10 minutes.
2024-06-09 17:37:17,221.hm_consumer.INFO Food Stall Alert! pineapple temperature changed by 0.19999999999998863F in 10 minutes.
2024-06-09 17:37:17,222.hm_consumer.INFO  [!] Food Stall Alert! jackfruit temp changed by 0.30000000000001137F in 10 minutes.
2024-06-09 17:37:17,223.hm_consumer.INFO Food Stall Alert! pineapple temperature changed by 0.19999999999998863F in 10 minutes.
2024-06-09 17:37:17,223.hm_consumer.INFO  [!] Food Stall Alert! jackfruit temp changed by 0.4000000000000057F in 10 minutes.
2024-06-09 17:37:17,224.hm_consumer.INFO Food Stall Alert! pineapple temperature changed by 0.30000000000001137F in 10 minutes.
2024-06-09 17:37:17,224.hm_consumer.INFO  [!] Food Stall Alert! jackfruit temp changed by 0.4000000000000057F in 10 minutes.
2024-06-09 17:37:17,236.hm_consumer.INFO Food Stall Alert! pineapple temperature changed by 0.30000000000001137F in 10 minutes.
2024-06-09 17:37:17,237.hm_consumer.INFO  [!] Food Stall Alert! jackfruit temp changed by 0.4000000000000057F in 10 minutes.
2024-06-09 17:37:17,256.hm_consumer.INFO Food Stall Alert! pineapple temperature changed by 0.30000000000001137F in 10 minutes.
2024-06-09 17:37:17,257.hm_consumer.INFO  [!] Food Stall Alert! jackfruit temp changed by 0.30000000000001137F in 10 minutes.
2024-06-09 17:37:17,259.hm_consumer.INFO Food Stall Alert! pineapple temperature changed by 0.20000000000001705F in 10 minutes.
2024-06-09 17:37:17,259.hm_consumer.INFO  [!] Food Stall Alert! jackfruit temp changed by 0.30000000000001137F in 10 minutes.
2024-06-09 17:37:17,261.hm_consumer.INFO Food Stall Alert! pineapple temperature changed by 0.20000000000001705F in 10 minutes.
2024-06-09 17:37:17,262.hm_consumer.INFO  [!] Food Stall Alert! jackfruit temp changed by 0.30000000000001137F in 10 minutes.
2024-06-09 17:37:17,263.hm_consumer.INFO Food Stall Alert! pineapple temperature changed by 0.20000000000001705F in 10 minutes.
2024-06-09 17:37:17,264.hm_consumer.INFO  [!] Food Stall Alert! jackfruit temp changed by 0.30000000000001137F in 10 minutes.
2024-06-09 17:37:17,265.hm_consumer.INFO Food Stall Alert! pineapple temperature changed by 0.30000000000001137F in 10 minutes.
2024-06-09 17:37:17,268.hm_consumer.INFO  [!] Food Stall Alert! jackfruit temp changed by 0.30000000000001137F in 10 minutes.
2024-06-09 17:37:17,269.hm_consumer.INFO Food Stall Alert! pineapple temperature changed by 0.30000000000001137F in 10 minutes.
2024-06-09 17:37:17,270.hm_consumer.INFO  [!] Food Stall Alert! jackfruit temp changed by 0.4000000000000057F in 10 minutes.
2024-06-09 17:37:17,272.hm_consumer.INFO Food Stall Alert! pineapple temperature changed by 0.30000000000001137F in 10 minutes.
2024-06-09 17:37:17,273.hm_consumer.INFO  [!] Food Stall Alert! jackfruit temp changed by 0.29999999999998295F in 10 minutes.
2024-06-09 17:37:17,274.hm_consumer.INFO Food Stall Alert! pineapple temperature changed by 0.30000000000001137F in 10 minutes.
2024-06-09 17:37:17,291.hm_consumer.INFO  [!] Food Stall Alert! jackfruit temp changed by 0.29999999999998295F in 10 minutes.
2024-06-09 17:37:17,291.hm_consumer.INFO Food Stall Alert! pineapple temperature changed by 0.30000000000001137F in 10 minutes.
2024-06-09 17:37:17,292.hm_consumer.INFO  [!] Food Stall Alert! jackfruit temp changed by 0.29999999999998295F in 10 minutes.
2024-06-09 17:37:17,297.hm_consumer.INFO Food Stall Alert! pineapple temperature changed by 0.20000000000001705F in 10 minutes.
2024-06-09 17:37:17,300.hm_consumer.INFO  [!] Food Stall Alert! jackfruit temp changed by 0.29999999999998295F in 10 minutes.
2024-06-09 17:37:17,301.hm_consumer.INFO Food Stall Alert! pineapple temperature changed by 0.20000000000001705F in 10 minutes.
2024-06-09 17:37:17,305.hm_consumer.INFO  [!] Food Stall Alert! jackfruit temp changed by 0.19999999999998863F in 10 minutes.
2024-06-09 17:37:17,306.hm_consumer.INFO Food Stall Alert! pineapple temperature changed by 0.20000000000001705F in 10 minutes.
2024-06-09 17:37:17,310.hm_consumer.INFO  [!] Food Stall Alert! jackfruit temp changed by 0.19999999999998863F in 10 minutes.
2024-06-09 17:37:17,312.hm_consumer.INFO Food Stall Alert! pineapple temperature changed by 0.30000000000001137F in 10 minutes.
2024-06-09 17:37:17,315.hm_consumer.INFO  [!] Food Stall Alert! jackfruit temp changed by 0.19999999999998863F in 10 minutes.
2024-06-09 17:37:17,316.hm_consumer.INFO Food Stall Alert! pineapple temperature changed by 0.30000000000001137F in 10 minutes.
2024-06-09 17:37:17,318.hm_consumer.INFO  [!] Food Stall Alert! jackfruit temp changed by 0.29999999999998295F in 10 minutes.
2024-06-09 17:37:17,319.hm_consumer.INFO Food Stall Alert! pineapple temperature changed by 0.30000000000001137F in 10 minutes.
2024-06-09 17:37:17,320.hm_consumer.INFO  [!] Food Stall Alert! jackfruit temp changed by 0.29999999999998295F in 10 minutes.
2024-06-09 17:37:17,322.hm_consumer.INFO Food Stall Alert! pineapple temperature changed by 0.30000000000001137F in 10 minutes.
2024-06-09 17:37:17,323.hm_consumer.INFO  [!] Food Stall Alert! jackfruit temp changed by 0.29999999999998295F in 10 minutes.
2024-06-09 17:37:17,325.hm_consumer.INFO Food Stall Alert! pineapple temperature changed by 0.30000000000001137F in 10 minutes.
2024-06-09 17:37:17,330.hm_consumer.INFO  [!] Food Stall Alert! jackfruit temp changed by 0.19999999999998863F in 10 minutes.
2024-06-09 17:37:17,331.hm_consumer.INFO Food Stall Alert! pineapple temperature changed by 0.19999999999998863F in 10 minutes.
2024-06-09 17:37:17,335.hm_consumer.INFO  [!] Food Stall Alert! jackfruit temp changed by 0.19999999999998863F in 10 minutes.
2024-06-09 17:37:17,336.hm_consumer.INFO Food Stall Alert! pineapple temperature changed by 0.29999999999998295F in 10 minutes.
2024-06-09 17:37:17,343.hm_consumer.INFO  [!] Food Stall Alert! jackfruit temp changed by 0.19999999999998863F in 10 minutes.
2024-06-09 17:37:17,344.hm_consumer.INFO Food Stall Alert! pineapple temperature changed by 0.29999999999998295F in 10 minutes.
2024-06-09 17:37:17,345.hm_consumer.INFO  [!] Food Stall Alert! jackfruit temp changed by 0.19999999999998863F in 10 minutes.
2024-06-09 17:37:17,346.hm_consumer.INFO Food Stall Alert! pineapple temperature changed by 0.29999999999998295F in 10 minutes.
2024-06-09 17:37:17,355.hm_consumer.INFO  [!] Food Stall Alert! jackfruit temp changed by 0.19999999999998863F in 10 minutes.
2024-06-09 17:37:17,356.hm_consumer.INFO Food Stall Alert! pineapple temperature changed by 0.29999999999998295F in 10 minutes.
2024-06-09 17:37:17,358.hm_consumer.INFO  [!] Food Stall Alert! jackfruit temp changed by 0.19999999999998863F in 10 minutes.
2024-06-09 17:37:17,358.hm_consumer.INFO Food Stall Alert! pineapple temperature changed by 0.29999999999998295F in 10 minutes.
2024-06-09 17:37:17,360.hm_consumer.INFO  [!] Food Stall Alert! jackfruit temp changed by 0.19999999999998863F in 10 minutes.
2024-06-09 17:37:17,361.hm_consumer.INFO Food Stall Alert! pineapple temperature changed by 0.19999999999998863F in 10 minutes.
2024-06-09 17:37:17,362.hm_consumer.INFO  [!] Food Stall Alert! jackfruit temp changed by 0.19999999999998863F in 10 minutes.
2024-06-09 17:37:17,363.hm_consumer.INFO Food Stall Alert! pineapple temperature changed by 0.29999999999998295F in 10 minutes.
2024-06-09 17:37:17,364.hm_consumer.INFO  [!] Food Stall Alert! jackfruit temp changed by 0.09999999999999432F in 10 minutes.
2024-06-09 17:37:17,364.hm_consumer.INFO Food Stall Alert! pineapple temperature changed by 0.29999999999998295F in 10 minutes.
2024-06-09 17:37:17,365.hm_consumer.INFO  [!] Food Stall Alert! jackfruit temp changed by 0.20000000000001705F in 10 minutes.
2024-06-09 17:37:17,366.hm_consumer.INFO Food Stall Alert! pineapple temperature changed by 0.29999999999998295F in 10 minutes.
2024-06-09 17:37:17,367.hm_consumer.INFO  [!] Food Stall Alert! jackfruit temp changed by 0.20000000000001705F in 10 minutes.
2024-06-09 17:37:17,367.hm_consumer.INFO Food Stall Alert! pineapple temperature changed by 0.29999999999998295F in 10 minutes.
2024-06-09 17:37:17,368.hm_consumer.INFO  [!] Food Stall Alert! jackfruit temp changed by 0.20000000000001705F in 10 minutes.
2024-06-09 17:37:17,369.hm_consumer.INFO Food Stall Alert! pineapple temperature changed by 0.4000000000000057F in 10 minutes.
2024-06-09 17:37:17,370.hm_consumer.INFO  [!] Food Stall Alert! jackfruit temp changed by 0.20000000000001705F in 10 minutes.
2024-06-09 17:37:17,371.hm_consumer.INFO Food Stall Alert! pineapple temperature changed by 0.4000000000000057F in 10 minutes.
2024-06-09 17:37:17,373.hm_consumer.INFO  [!] Food Stall Alert! jackfruit temp changed by 0.20000000000001705F in 10 minutes.
2024-06-09 17:37:17,374.hm_consumer.INFO Food Stall Alert! pineapple temperature changed by 0.4000000000000057F in 10 minutes.
2024-06-09 17:37:17,375.hm_consumer.INFO  [!] Food Stall Alert! jackfruit temp changed by 0.20000000000001705F in 10 minutes.
2024-06-09 17:37:17,376.hm_consumer.INFO Food Stall Alert! pineapple temperature changed by 0.30000000000001137F in 10 minutes.
2024-06-09 17:37:17,377.hm_consumer.INFO  [!] Food Stall Alert! jackfruit temp changed by 0.20000000000001705F in 10 minutes.
2024-06-09 17:37:17,377.hm_consumer.INFO Food Stall Alert! pineapple temperature changed by 0.4000000000000057F in 10 minutes.
2024-06-09 17:37:17,378.hm_consumer.INFO  [!] Food Stall Alert! jackfruit temp changed by 0.10000000000002274F in 10 minutes.
2024-06-09 17:37:17,379.hm_consumer.INFO Food Stall Alert! pineapple temperature changed by 0.4000000000000057F in 10 minutes.
2024-06-09 17:37:17,380.hm_consumer.INFO  [!] Food Stall Alert! jackfruit temp changed by 0.20000000000001705F in 10 minutes.
2024-06-09 17:37:17,381.hm_consumer.INFO Food Stall Alert! pineapple temperature changed by 0.4000000000000057F in 10 minutes.
2024-06-09 17:37:17,381.hm_consumer.INFO  [!] Food Stall Alert! jackfruit temp changed by 0.20000000000001705F in 10 minutes.
2024-06-09 17:37:17,382.hm_consumer.INFO Food Stall Alert! pineapple temperature changed by 0.4000000000000057F in 10 minutes.
2024-06-09 17:37:17,383.hm_consumer.INFO  [!] Food Stall Alert! jackfruit temp changed by 0.20000000000001705F in 10 minutes.
2024-06-09 17:37:17,384.hm_consumer.INFO Food Stall Alert! pineapple temperature changed by 0.4000000000000057F in 10 minutes.
2024-06-09 17:37:17,384.hm_consumer.INFO  [!] Food Stall Alert! jackfruit temp changed by 0.20000000000001705F in 10 minutes.
2024-06-09 17:37:17,385.hm_consumer.INFO Food Stall Alert! pineapple temperature changed by 0.30000000000001137F in 10 minutes.
2024-06-09 17:37:17,386.hm_consumer.INFO  [!] Food Stall Alert! jackfruit temp changed by 0.20000000000001705F in 10 minutes.
2024-06-09 17:37:17,387.hm_consumer.INFO Food Stall Alert! pineapple temperature changed by 0.4000000000000057F in 10 minutes.
2024-06-09 17:37:17,388.hm_consumer.INFO  [!] Food Stall Alert! jackfruit temp changed by 0.20000000000001705F in 10 minutes.
2024-06-09 17:37:17,389.hm_consumer.INFO Food Stall Alert! pineapple temperature changed by 0.4000000000000057F in 10 minutes.
2024-06-09 17:37:17,389.hm_consumer.INFO  [!] Food Stall Alert! jackfruit temp changed by 0.20000000000001705F in 10 minutes.
2024-06-09 17:37:17,390.hm_consumer.INFO Food Stall Alert! pineapple temperature changed by 0.4000000000000057F in 10 minutes.
2024-06-09 17:37:17,391.hm_consumer.INFO  [!] Food Stall Alert! jackfruit temp changed by 0.20000000000001705F in 10 minutes.
2024-06-09 17:37:17,392.hm_consumer.INFO Food Stall Alert! pineapple temperature changed by 0.4000000000000057F in 10 minutes.
2024-06-09 17:37:17,393.hm_consumer.INFO  [!] Food Stall Alert! jackfruit temp changed by 0.20000000000001705F in 10 minutes.
2024-06-09 17:37:17,394.hm_consumer.INFO Food Stall Alert! pineapple temperature changed by 0.4000000000000057F in 10 minutes.
2024-06-09 17:37:17,394.hm_consumer.INFO  [!] Food Stall Alert! jackfruit temp changed by 0.20000000000001705F in 10 minutes.
2024-06-09 17:37:17,395.hm_consumer.INFO Food Stall Alert! pineapple temperature changed by 0.30000000000001137F in 10 minutes.
2024-06-09 17:37:17,396.hm_consumer.INFO  [!] Food Stall Alert! jackfruit temp changed by 0.20000000000001705F in 10 minutes.
2024-06-09 17:37:17,396.hm_consumer.INFO Food Stall Alert! pineapple temperature changed by 0.4000000000000057F in 10 minutes.
2024-06-09 17:37:17,397.hm_consumer.INFO  [!] Food Stall Alert! jackfruit temp changed by 0.09999999999999432F in 10 minutes.
2024-06-09 17:37:17,398.hm_consumer.INFO Food Stall Alert! pineapple temperature changed by 0.4000000000000057F in 10 minutes.
2024-06-09 17:37:17,398.hm_consumer.INFO  [!] Food Stall Alert! jackfruit temp changed by 0.09999999999999432F in 10 minutes.
2024-06-09 17:37:17,399.hm_consumer.INFO Food Stall Alert! pineapple temperature changed by 0.4000000000000057F in 10 minutes.
2024-06-09 17:37:17,400.hm_consumer.INFO  [!] Food Stall Alert! jackfruit temp changed by 0.09999999999999432F in 10 minutes.
2024-06-09 17:37:17,400.hm_consumer.INFO Food Stall Alert! pineapple temperature changed by 0.29999999999998295F in 10 minutes.
2024-06-09 17:37:17,401.hm_consumer.INFO  [!] Food Stall Alert! jackfruit temp changed by 0.09999999999999432F in 10 minutes.
2024-06-09 17:37:17,401.hm_consumer.INFO Food Stall Alert! pineapple temperature changed by 0.39999999999997726F in 10 minutes.
2024-06-09 17:37:17,402.hm_consumer.INFO  [!] Food Stall Alert! jackfruit temp changed by 0.09999999999999432F in 10 minutes.
2024-06-09 17:37:17,403.hm_consumer.INFO Food Stall Alert! pineapple temperature changed by 0.39999999999997726F in 10 minutes.
2024-06-09 17:37:17,404.hm_consumer.INFO  [!] Food Stall Alert! jackfruit temp changed by 0.19999999999998863F in 10 minutes.
2024-06-09 17:37:17,404.hm_consumer.INFO Food Stall Alert! pineapple temperature changed by 0.39999999999997726F in 10 minutes.
2024-06-09 17:37:17,405.hm_consumer.INFO  [!] Food Stall Alert! jackfruit temp changed by 0.19999999999998863F in 10 minutes.
2024-06-09 17:37:17,406.hm_consumer.INFO Food Stall Alert! pineapple temperature changed by 0.29999999999998295F in 10 minutes.
2024-06-09 17:37:17,407.hm_consumer.INFO  [!] Food Stall Alert! jackfruit temp changed by 0.19999999999998863F in 10 minutes.
2024-06-09 17:37:17,407.hm_consumer.INFO Food Stall Alert! pineapple temperature changed by 0.4000000000000057F in 10 minutes.
2024-06-09 17:37:17,408.hm_consumer.INFO  [!] Food Stall Alert! jackfruit temp changed by 0.09999999999999432F in 10 minutes.
2024-06-09 17:37:17,409.hm_consumer.INFO Food Stall Alert! pineapple temperature changed by 0.4000000000000057F in 10 minutes.
2024-06-09 17:37:17,410.hm_consumer.INFO  [!] Food Stall Alert! jackfruit temp changed by 0.09999999999999432F in 10 minutes.
2024-06-09 17:37:17,411.hm_consumer.INFO Food Stall Alert! pineapple temperature changed by 0.4000000000000057F in 10 minutes.
2024-06-09 17:37:17,412.hm_consumer.INFO  [!] Food Stall Alert! jackfruit temp changed by 0.09999999999999432F in 10 minutes.
2024-06-09 17:37:17,413.hm_consumer.INFO Food Stall Alert! pineapple temperature changed by 0.4000000000000057F in 10 minutes.
2024-06-09 17:37:17,414.hm_consumer.INFO  [!] Food Stall Alert! jackfruit temp changed by 0.09999999999999432F in 10 minutes.
2024-06-09 17:37:17,414.hm_consumer.INFO Food Stall Alert! pineapple temperature changed by 0.5F in 10 minutes.
2024-06-09 17:37:17,415.hm_consumer.INFO  [!] Food Stall Alert! jackfruit temp changed by 0.09999999999999432F in 10 minutes.
2024-06-09 17:37:17,416.hm_consumer.INFO Food Stall Alert! pineapple temperature changed by 0.4000000000000057F in 10 minutes.
2024-06-09 17:37:17,417.hm_consumer.INFO  [!] Food Stall Alert! jackfruit temp changed by 0.09999999999999432F in 10 minutes.
2024-06-09 17:37:17,417.hm_consumer.INFO Food Stall Alert! pineapple temperature changed by 0.4000000000000057F in 10 minutes.
2024-06-09 17:37:17,418.hm_consumer.INFO  [!] Food Stall Alert! jackfruit temp changed by 0.09999999999999432F in 10 minutes.
2024-06-09 17:37:17,419.hm_consumer.INFO Food Stall Alert! pineapple temperature changed by 0.4000000000000057F in 10 minutes.
2024-06-09 17:37:17,420.hm_consumer.INFO  [!] Food Stall Alert! jackfruit temp changed by 0.09999999999999432F in 10 minutes.
2024-06-09 17:37:17,421.hm_consumer.INFO Food Stall Alert! pineapple temperature changed by 0.5F in 10 minutes.
2024-06-09 17:37:17,422.hm_consumer.INFO  [!] Food Stall Alert! jackfruit temp changed by 0.09999999999999432F in 10 minutes.
2024-06-09 17:37:17,423.hm_consumer.INFO Food Stall Alert! pineapple temperature changed by 0.5F in 10 minutes.
2024-06-09 17:37:17,424.hm_consumer.INFO  [!] Food Stall Alert! jackfruit temp changed by 0.09999999999999432F in 10 minutes.
2024-06-09 17:37:17,425.hm_consumer.INFO Food Stall Alert! pineapple temperature changed by 0.5F in 10 minutes.
2024-06-09 17:37:17,426.hm_consumer.INFO  [!] Food Stall Alert! jackfruit temp changed by 0.09999999999999432F in 10 minutes.
2024-06-09 17:37:17,437.hm_consumer.INFO Food Stall Alert! pineapple temperature changed by 0.4000000000000057F in 10 minutes.
2024-06-09 17:37:17,438.hm_consumer.INFO  [!] Food Stall Alert! jackfruit temp changed by 0.0F in 10 minutes.
2024-06-09 17:37:17,439.hm_consumer.INFO Food Stall Alert! pineapple temperature changed by 0.4000000000000057F in 10 minutes.
2024-06-09 17:37:17,440.hm_consumer.INFO  [!] Food Stall Alert! jackfruit temp changed by 0.0F in 10 minutes.
2024-06-09 17:37:17,440.hm_consumer.INFO Food Stall Alert! pineapple temperature changed by 0.4000000000000057F in 10 minutes.
2024-06-09 17:37:17,441.hm_consumer.INFO  [!] Food Stall Alert! jackfruit temp changed by 0.09999999999999432F in 10 minutes.
2024-06-09 17:37:17,442.hm_consumer.INFO Food Stall Alert! pineapple temperature changed by 0.5F in 10 minutes.
2024-06-09 17:37:17,443.hm_consumer.INFO  [!] Food Stall Alert! jackfruit temp changed by 0.09999999999999432F in 10 minutes.
2024-06-09 17:37:17,444.hm_consumer.INFO Food Stall Alert! pineapple temperature changed by 0.4000000000000057F in 10 minutes.
2024-06-09 17:37:17,444.hm_consumer.INFO  [!] Food Stall Alert! jackfruit temp changed by 0.09999999999999432F in 10 minutes.
2024-06-09 17:37:17,445.hm_consumer.INFO Food Stall Alert! pineapple temperature changed by 0.4000000000000057F in 10 minutes.
2024-06-09 17:37:17,446.hm_consumer.INFO  [!] Food Stall Alert! jackfruit temp changed by 0.0F in 10 minutes.
2024-06-09 17:37:17,447.hm_consumer.INFO Food Stall Alert! pineapple temperature changed by 0.4000000000000057F in 10 minutes.
2024-06-09 17:37:17,448.hm_consumer.INFO  [!] Food Stall Alert! jackfruit temp changed by 0.0F in 10 minutes.
2024-06-09 17:37:17,448.hm_consumer.INFO Food Stall Alert! pineapple temperature changed by 0.5F in 10 minutes.
2024-06-09 17:37:17,449.hm_consumer.INFO  [!] Food Stall Alert! jackfruit temp changed by 0.0F in 10 minutes.
2024-06-09 17:37:17,449.hm_consumer.INFO Food Stall Alert! pineapple temperature changed by 0.39999999999997726F in 10 minutes.
2024-06-09 17:37:17,450.hm_consumer.INFO  [!] Food Stall Alert! jackfruit temp changed by 0.0F in 10 minutes.
2024-06-09 17:37:17,451.hm_consumer.INFO Food Stall Alert! pineapple temperature changed by 0.39999999999997726F in 10 minutes.
2024-06-09 17:37:17,452.hm_consumer.INFO  [!] Food Stall Alert! jackfruit temp changed by 0.0F in 10 minutes.
2024-06-09 17:37:17,453.hm_consumer.INFO Food Stall Alert! pineapple temperature changed by 0.39999999999997726F in 10 minutes.
2024-06-09 17:37:17,454.hm_consumer.INFO  [!] Food Stall Alert! jackfruit temp changed by 0.09999999999999432F in 10 minutes.
2024-06-09 17:37:17,454.hm_consumer.INFO Food Stall Alert! pineapple temperature changed by 0.5F in 10 minutes.
2024-06-09 17:37:17,455.hm_consumer.INFO  [!] Food Stall Alert! jackfruit temp changed by 0.09999999999999432F in 10 minutes.
2024-06-09 17:37:17,456.hm_consumer.INFO Food Stall Alert! pineapple temperature changed by 0.4000000000000057F in 10 minutes.
2024-06-09 17:37:17,457.hm_consumer.INFO  [!] Food Stall Alert! jackfruit temp changed by 0.09999999999999432F in 10 minutes.
2024-06-09 17:37:17,457.hm_consumer.INFO Food Stall Alert! pineapple temperature changed by 0.4000000000000057F in 10 minutes.
2024-06-09 17:37:17,458.hm_consumer.INFO  [!] Food Stall Alert! jackfruit temp changed by 0.09999999999999432F in 10 minutes.
2024-06-09 17:37:17,458.hm_consumer.INFO Food Stall Alert! pineapple temperature changed by 0.4000000000000057F in 10 minutes.
2024-06-09 17:37:17,459.hm_consumer.INFO  [!] Food Stall Alert! jackfruit temp changed by 0.09999999999999432F in 10 minutes.
2024-06-09 17:37:17,460.hm_consumer.INFO Food Stall Alert! pineapple temperature changed by 0.5F in 10 minutes.
2024-06-09 17:37:17,461.hm_consumer.INFO  [!] Food Stall Alert! jackfruit temp changed by 0.09999999999999432F in 10 minutes.
2024-06-09 17:37:17,461.hm_consumer.INFO Food Stall Alert! pineapple temperature changed by 0.4000000000000057F in 10 minutes.
2024-06-09 17:37:17,462.hm_consumer.INFO  [!] Food Stall Alert! jackfruit temp changed by 0.09999999999999432F in 10 minutes.
2024-06-09 17:37:17,463.hm_consumer.INFO Food Stall Alert! pineapple temperature changed by 0.4000000000000057F in 10 minutes.
2024-06-09 17:37:17,463.hm_consumer.INFO  [!] Food Stall Alert! jackfruit temp changed by 0.09999999999999432F in 10 minutes.
2024-06-09 17:37:17,464.hm_consumer.INFO Food Stall Alert! pineapple temperature changed by 0.4000000000000057F in 10 minutes.
2024-06-09 17:37:17,465.hm_consumer.INFO  [!] Food Stall Alert! jackfruit temp changed by 0.09999999999999432F in 10 minutes.
2024-06-09 17:37:17,465.hm_consumer.INFO Food Stall Alert! pineapple temperature changed by 0.5F in 10 minutes.
2024-06-09 17:37:17,466.hm_consumer.INFO  [!] Food Stall Alert! jackfruit temp changed by 0.19999999999998863F in 10 minutes.
2024-06-09 17:37:17,467.hm_consumer.INFO Food Stall Alert! pineapple temperature changed by 0.5F in 10 minutes.
2024-06-09 17:37:17,468.hm_consumer.INFO  [!] Food Stall Alert! jackfruit temp changed by 0.19999999999998863F in 10 minutes.
2024-06-09 17:37:17,468.hm_consumer.INFO Food Stall Alert! pineapple temperature changed by 0.5F in 10 minutes.
2024-06-09 17:37:17,469.hm_consumer.INFO  [!] Food Stall Alert! jackfruit temp changed by 0.09999999999999432F in 10 minutes.
2024-06-09 17:37:17,469.hm_consumer.INFO Food Stall Alert! pineapple temperature changed by 0.4000000000000057F in 10 minutes.
2024-06-09 17:37:17,470.hm_consumer.INFO  [!] Food Stall Alert! jackfruit temp changed by 0.09999999999999432F in 10 minutes.
2024-06-09 17:37:17,471.hm_consumer.INFO Food Stall Alert! pineapple temperature changed by 0.5F in 10 minutes.
2024-06-09 17:37:17,472.hm_consumer.INFO  [!] Food Stall Alert! jackfruit temp changed by 0.09999999999999432F in 10 minutes.
2024-06-09 17:37:17,473.hm_consumer.INFO Food Stall Alert! pineapple temperature changed by 0.5F in 10 minutes.
2024-06-09 17:37:17,474.hm_consumer.INFO  [!] Food Stall Alert! jackfruit temp changed by 0.09999999999999432F in 10 minutes.
2024-06-09 17:37:17,474.hm_consumer.INFO Food Stall Alert! pineapple temperature changed by 0.5F in 10 minutes.
2024-06-09 17:37:17,475.hm_consumer.INFO  [!] Food Stall Alert! jackfruit temp changed by 0.09999999999999432F in 10 minutes.
2024-06-09 17:37:17,476.hm_consumer.INFO Food Stall Alert! pineapple temperature changed by 0.4000000000000057F in 10 minutes.
2024-06-09 17:37:17,476.hm_consumer.INFO  [!] Food Stall Alert! jackfruit temp changed by 0.09999999999999432F in 10 minutes.
2024-06-09 17:37:17,477.hm_consumer.INFO Food Stall Alert! pineapple temperature changed by 0.4000000000000057F in 10 minutes.
2024-06-09 17:37:17,478.hm_consumer.INFO  [!] Food Stall Alert! jackfruit temp changed by 0.09999999999999432F in 10 minutes.
2024-06-09 17:37:17,478.hm_consumer.INFO Food Stall Alert! pineapple temperature changed by 0.4000000000000057F in 10 minutes.
2024-06-09 17:37:17,479.hm_consumer.INFO  [!] Food Stall Alert! jackfruit temp changed by 0.09999999999999432F in 10 minutes.
2024-06-09 17:37:17,480.hm_consumer.INFO Food Stall Alert! pineapple temperature changed by 0.5F in 10 minutes.
2024-06-09 17:37:17,482.hm_consumer.INFO  [!] Food Stall Alert! jackfruit temp changed by 0.0F in 10 minutes.
2024-06-09 17:37:17,482.hm_consumer.INFO Food Stall Alert! pineapple temperature changed by 0.39999999999997726F in 10 minutes.
2024-06-09 17:37:17,483.hm_consumer.INFO  [!] Food Stall Alert! jackfruit temp changed by 0.0F in 10 minutes.
2024-06-09 17:37:17,484.hm_consumer.INFO Food Stall Alert! pineapple temperature changed by 0.39999999999997726F in 10 minutes.
2024-06-09 17:37:17,484.hm_consumer.INFO  [!] Food Stall Alert! jackfruit temp changed by 0.0F in 10 minutes.
2024-06-09 17:37:17,485.hm_consumer.INFO Food Stall Alert! pineapple temperature changed by 0.39999999999997726F in 10 minutes.
2024-06-09 17:37:17,486.hm_consumer.INFO  [!] Food Stall Alert! jackfruit temp changed by 0.09999999999999432F in 10 minutes.
2024-06-09 17:37:17,486.hm_consumer.INFO Food Stall Alert! pineapple temperature changed by 0.5F in 10 minutes.
2024-06-09 17:37:17,487.hm_consumer.INFO  [!] Food Stall Alert! jackfruit temp changed by 0.09999999999999432F in 10 minutes.
2024-06-09 17:37:17,489.hm_consumer.INFO Food Stall Alert! pineapple temperature changed by 0.4000000000000057F in 10 minutes.
2024-06-09 17:37:17,489.hm_consumer.INFO  [!] Food Stall Alert! jackfruit temp changed by 0.09999999999999432F in 10 minutes.
2024-06-09 17:37:17,490.hm_consumer.INFO Food Stall Alert! pineapple temperature changed by 0.4000000000000057F in 10 minutes.
2024-06-09 17:37:17,491.hm_consumer.INFO  [!] Food Stall Alert! jackfruit temp changed by 0.09999999999999432F in 10 minutes.
2024-06-09 17:37:17,491.hm_consumer.INFO Food Stall Alert! pineapple temperature changed by 0.4000000000000057F in 10 minutes.
2024-06-09 17:37:17,492.hm_consumer.INFO  [!] Food Stall Alert! jackfruit temp changed by 0.09999999999999432F in 10 minutes.
2024-06-09 17:37:17,493.hm_consumer.INFO Food Stall Alert! pineapple temperature changed by 0.4000000000000057F in 10 minutes.
2024-06-09 17:37:17,493.hm_consumer.INFO  [!] Food Stall Alert! jackfruit temp changed by 0.09999999999999432F in 10 minutes.
2024-06-09 17:37:17,494.hm_consumer.INFO Food Stall Alert! pineapple temperature changed by 0.30000000000001137F in 10 minutes.
2024-06-09 17:37:17,495.hm_consumer.INFO  [!] Food Stall Alert! jackfruit temp changed by 0.20000000000001705F in 10 minutes.
2024-06-09 17:37:17,496.hm_consumer.INFO Food Stall Alert! pineapple temperature changed by 0.4000000000000057F in 10 minutes.
2024-06-09 17:37:17,496.hm_consumer.INFO  [!] Food Stall Alert! jackfruit temp changed by 0.20000000000001705F in 10 minutes.
2024-06-09 17:37:17,497.hm_consumer.INFO Food Stall Alert! pineapple temperature changed by 0.4000000000000057F in 10 minutes.
2024-06-09 17:37:17,498.hm_consumer.INFO  [!] Food Stall Alert! jackfruit temp changed by 0.20000000000001705F in 10 minutes.
2024-06-09 17:37:17,498.hm_consumer.INFO Food Stall Alert! pineapple temperature changed by 0.4000000000000057F in 10 minutes.
2024-06-09 17:37:17,499.hm_consumer.INFO  [!] Food Stall Alert! jackfruit temp changed by 0.20000000000001705F in 10 minutes.
2024-06-09 17:37:17,499.hm_consumer.INFO Food Stall Alert! pineapple temperature changed by 0.30000000000001137F in 10 minutes.
2024-06-09 17:37:17,500.hm_consumer.INFO  [!] Food Stall Alert! jackfruit temp changed by 0.20000000000001705F in 10 minutes.
2024-06-09 17:37:17,501.hm_consumer.INFO Food Stall Alert! pineapple temperature changed by 0.30000000000001137F in 10 minutes.
2024-06-09 17:37:17,502.hm_consumer.INFO  [!] Food Stall Alert! jackfruit temp changed by 0.20000000000001705F in 10 minutes.
2024-06-09 17:37:17,503.hm_consumer.INFO Food Stall Alert! pineapple temperature changed by 0.30000000000001137F in 10 minutes.
2024-06-09 17:37:17,503.hm_consumer.INFO  [!] Food Stall Alert! jackfruit temp changed by 0.20000000000001705F in 10 minutes.
2024-06-09 17:37:17,504.hm_consumer.INFO Food Stall Alert! pineapple temperature changed by 0.4000000000000057F in 10 minutes.
2024-06-09 17:37:17,505.hm_consumer.INFO  [!] Food Stall Alert! jackfruit temp changed by 0.20000000000001705F in 10 minutes.
2024-06-09 17:37:17,505.hm_consumer.INFO Food Stall Alert! pineapple temperature changed by 0.4000000000000057F in 10 minutes.
2024-06-09 17:37:17,506.hm_consumer.INFO  [!] Food Stall Alert! jackfruit temp changed by 0.20000000000001705F in 10 minutes.
2024-06-09 17:37:17,507.hm_consumer.INFO Food Stall Alert! pineapple temperature changed by 0.4000000000000057F in 10 minutes.
2024-06-09 17:37:17,508.hm_consumer.INFO  [!] Food Stall Alert! jackfruit temp changed by 0.20000000000001705F in 10 minutes.
2024-06-09 17:37:17,508.hm_consumer.INFO Food Stall Alert! pineapple temperature changed by 0.30000000000001137F in 10 minutes.
2024-06-09 17:37:17,509.hm_consumer.INFO  [!] Food Stall Alert! jackfruit temp changed by 0.30000000000001137F in 10 minutes.
2024-06-09 17:37:17,510.hm_consumer.INFO Food Stall Alert! pineapple temperature changed by 0.30000000000001137F in 10 minutes.
2024-06-09 17:37:17,510.hm_consumer.INFO  [!] Food Stall Alert! jackfruit temp changed by 0.30000000000001137F in 10 minutes.
2024-06-09 17:37:17,511.hm_consumer.INFO Food Stall Alert! pineapple temperature changed by 0.30000000000001137F in 10 minutes.
2024-06-09 17:37:17,512.hm_consumer.INFO  [!] Food Stall Alert! jackfruit temp changed by 0.30000000000001137F in 10 minutes.
2024-06-09 17:37:17,512.hm_consumer.INFO Food Stall Alert! pineapple temperature changed by 0.4000000000000057F in 10 minutes.
2024-06-09 17:37:17,513.hm_consumer.INFO  [!] Food Stall Alert! jackfruit temp changed by 0.20000000000001705F in 10 minutes.
2024-06-09 17:37:17,514.hm_consumer.INFO Food Stall Alert! pineapple temperature changed by 0.29999999999998295F in 10 minutes.
2024-06-09 17:37:17,515.hm_consumer.INFO  [!] Food Stall Alert! jackfruit temp changed by 0.20000000000001705F in 10 minutes.
2024-06-09 17:37:17,516.hm_consumer.INFO Food Stall Alert! pineapple temperature changed by 0.29999999999998295F in 10 minutes.
2024-06-09 17:37:17,517.hm_consumer.INFO  [!] Food Stall Alert! jackfruit temp changed by 0.20000000000001705F in 10 minutes.
2024-06-09 17:37:17,517.hm_consumer.INFO Food Stall Alert! pineapple temperature changed by 0.29999999999998295F in 10 minutes.
2024-06-09 17:37:17,518.hm_consumer.INFO  [!] Food Stall Alert! jackfruit temp changed by 0.20000000000001705F in 10 minutes.
2024-06-09 17:37:17,519.hm_consumer.INFO Food Stall Alert! pineapple temperature changed by 0.39999999999997726F in 10 minutes.
2024-06-09 17:37:17,519.hm_consumer.INFO  [!] Food Stall Alert! jackfruit temp changed by 0.20000000000001705F in 10 minutes.
2024-06-09 17:37:17,520.hm_consumer.INFO Food Stall Alert! pineapple temperature changed by 0.39999999999997726F in 10 minutes.
2024-06-09 17:37:17,520.hm_consumer.INFO  [!] Food Stall Alert! jackfruit temp changed by 0.20000000000001705F in 10 minutes.
2024-06-09 17:37:17,521.hm_consumer.INFO Food Stall Alert! pineapple temperature changed by 0.39999999999997726F in 10 minutes.
2024-06-09 17:37:17,522.hm_consumer.INFO  [!] Food Stall Alert! jackfruit temp changed by 0.09999999999999432F in 10 minutes.
2024-06-09 17:37:17,523.hm_consumer.INFO Food Stall Alert! pineapple temperature changed by 0.29999999999998295F in 10 minutes.
2024-06-09 17:37:17,525.hm_consumer.INFO  [!] Food Stall Alert! jackfruit temp changed by 0.09999999999999432F in 10 minutes.
2024-06-09 17:37:17,525.hm_consumer.INFO Food Stall Alert! pineapple temperature changed by 0.29999999999998295F in 10 minutes.
2024-06-09 17:37:17,526.hm_consumer.INFO  [!] Food Stall Alert! jackfruit temp changed by 0.09999999999999432F in 10 minutes.
2024-06-09 17:37:17,527.hm_consumer.INFO Food Stall Alert! pineapple temperature changed by 0.29999999999998295F in 10 minutes.
2024-06-09 17:37:17,528.hm_consumer.INFO  [!] Food Stall Alert! jackfruit temp changed by 0.09999999999999432F in 10 minutes.
2024-06-09 17:37:17,528.hm_consumer.INFO Food Stall Alert! pineapple temperature changed by 0.4000000000000057F in 10 minutes.
2024-06-09 17:37:17,529.hm_consumer.INFO  [!] Food Stall Alert! jackfruit temp changed by 0.09999999999999432F in 10 minutes.
2024-06-09 17:37:17,530.hm_consumer.INFO Food Stall Alert! pineapple temperature changed by 0.4000000000000057F in 10 minutes.
2024-06-09 17:37:17,531.hm_consumer.INFO  [!] Food Stall Alert! jackfruit temp changed by 0.09999999999999432F in 10 minutes.
2024-06-09 17:37:17,532.hm_consumer.INFO Food Stall Alert! pineapple temperature changed by 0.4000000000000057F in 10 minutes.
2024-06-09 17:37:17,532.hm_consumer.INFO  [!] Food Stall Alert! jackfruit temp changed by 0.09999999999999432F in 10 minutes.
2024-06-09 17:37:17,533.hm_consumer.INFO Food Stall Alert! pineapple temperature changed by 0.30000000000001137F in 10 minutes.
2024-06-09 17:37:17,534.hm_consumer.INFO  [!] Food Stall Alert! jackfruit temp changed by 0.09999999999999432F in 10 minutes.
2024-06-09 17:37:17,534.hm_consumer.INFO Food Stall Alert! pineapple temperature changed by 0.30000000000001137F in 10 minutes.
2024-06-09 17:37:17,535.hm_consumer.INFO  [!] Food Stall Alert! jackfruit temp changed by 0.09999999999999432F in 10 minutes.
2024-06-09 17:37:17,536.hm_consumer.INFO Food Stall Alert! pineapple temperature changed by 0.30000000000001137F in 10 minutes.
2024-06-09 17:37:17,537.hm_consumer.INFO  [!] Food Stall Alert! jackfruit temp changed by 0.09999999999999432F in 10 minutes.
2024-06-09 17:37:17,538.hm_consumer.INFO Food Stall Alert! pineapple temperature changed by 0.4000000000000057F in 10 minutes.
2024-06-09 17:37:17,539.hm_consumer.INFO  [!] Food Stall Alert! jackfruit temp changed by 0.0F in 10 minutes.
2024-06-09 17:37:17,539.hm_consumer.INFO Food Stall Alert! pineapple temperature changed by 0.4000000000000057F in 10 minutes.
2024-06-09 17:37:17,540.hm_consumer.INFO  [!] Food Stall Alert! jackfruit temp changed by 0.09999999999999432F in 10 minutes.
2024-06-09 17:37:17,541.hm_consumer.INFO Food Stall Alert! pineapple temperature changed by 0.4000000000000057F in 10 minutes.
2024-06-09 17:37:17,541.hm_consumer.INFO  [!] Food Stall Alert! jackfruit temp changed by 0.09999999999999432F in 10 minutes.
2024-06-09 17:37:17,542.hm_consumer.INFO Food Stall Alert! pineapple temperature changed by 0.30000000000001137F in 10 minutes.
2024-06-09 17:37:17,543.hm_consumer.INFO  [!] Food Stall Alert! jackfruit temp changed by 0.09999999999999432F in 10 minutes.
2024-06-09 17:37:17,544.hm_consumer.INFO Food Stall Alert! pineapple temperature changed by 0.30000000000001137F in 10 minutes.
2024-06-09 17:37:17,545.hm_consumer.INFO  [!] Food Stall Alert! jackfruit temp changed by 0.09999999999999432F in 10 minutes.
2024-06-09 17:37:17,545.hm_consumer.INFO Food Stall Alert! pineapple temperature changed by 0.30000000000001137F in 10 minutes.
2024-06-09 17:37:17,546.hm_consumer.INFO  [!] Food Stall Alert! jackfruit temp changed by 0.09999999999999432F in 10 minutes.
2024-06-09 17:37:17,547.hm_consumer.INFO Food Stall Alert! pineapple temperature changed by 0.30000000000001137F in 10 minutes.
2024-06-09 17:37:17,547.hm_consumer.INFO  [!] Food Stall Alert! jackfruit temp changed by 0.09999999999999432F in 10 minutes.
2024-06-09 17:37:17,548.hm_consumer.INFO Food Stall Alert! pineapple temperature changed by 0.20000000000001705F in 10 minutes.
2024-06-09 17:37:17,549.hm_consumer.INFO  [!] Food Stall Alert! jackfruit temp changed by 0.20000000000001705F in 10 minutes.
2024-06-09 17:37:17,550.hm_consumer.INFO Food Stall Alert! pineapple temperature changed by 0.30000000000001137F in 10 minutes.
2024-06-09 17:37:17,551.hm_consumer.INFO  [!] Food Stall Alert! jackfruit temp changed by 0.20000000000001705F in 10 minutes.
2024-06-09 17:37:17,552.hm_consumer.INFO Food Stall Alert! pineapple temperature changed by 0.30000000000001137F in 10 minutes.
2024-06-09 17:37:17,552.hm_consumer.INFO  [!] Food Stall Alert! jackfruit temp changed by 0.20000000000001705F in 10 minutes.
2024-06-09 17:37:17,553.hm_consumer.INFO Food Stall Alert! pineapple temperature changed by 0.30000000000001137F in 10 minutes.
2024-06-09 17:37:17,554.hm_consumer.INFO  [!] Food Stall Alert! jackfruit temp changed by 0.20000000000001705F in 10 minutes.
2024-06-09 17:37:17,554.hm_consumer.INFO Food Stall Alert! pineapple temperature changed by 0.30000000000001137F in 10 minutes.
2024-06-09 17:37:17,555.hm_consumer.INFO  [!] Food Stall Alert! jackfruit temp changed by 0.30000000000001137F in 10 minutes.
2024-06-09 17:37:17,556.hm_consumer.INFO Food Stall Alert! pineapple temperature changed by 0.30000000000001137F in 10 minutes.
2024-06-09 17:37:17,556.hm_consumer.INFO  [!] Food Stall Alert! jackfruit temp changed by 0.30000000000001137F in 10 minutes.
2024-06-09 17:37:17,557.hm_consumer.INFO Food Stall Alert! pineapple temperature changed by 0.19999999999998863F in 10 minutes.
2024-06-09 17:37:17,558.hm_consumer.INFO  [!] Food Stall Alert! jackfruit temp changed by 0.30000000000001137F in 10 minutes.
2024-06-09 17:37:17,559.hm_consumer.INFO Food Stall Alert! pineapple temperature changed by 0.19999999999998863F in 10 minutes.
2024-06-09 17:37:17,559.hm_consumer.INFO  [!] Food Stall Alert! jackfruit temp changed by 0.30000000000001137F in 10 minutes.
2024-06-09 17:37:17,560.hm_consumer.INFO Food Stall Alert! pineapple temperature changed by 0.19999999999998863F in 10 minutes.
2024-06-09 17:37:17,560.hm_consumer.INFO  [!] Food Stall Alert! jackfruit temp changed by 0.30000000000001137F in 10 minutes.
2024-06-09 17:37:17,561.hm_consumer.INFO Food Stall Alert! pineapple temperature changed by 0.19999999999998863F in 10 minutes.
2024-06-09 17:37:17,562.hm_consumer.INFO  [!] Food Stall Alert! jackfruit temp changed by 0.30000000000001137F in 10 minutes.
2024-06-09 17:37:17,562.hm_consumer.INFO Food Stall Alert! pineapple temperature changed by 0.19999999999998863F in 10 minutes.
2024-06-09 17:37:17,563.hm_consumer.INFO  [!] Food Stall Alert! jackfruit temp changed by 0.30000000000001137F in 10 minutes.
2024-06-09 17:37:17,564.hm_consumer.INFO Food Stall Alert! pineapple temperature changed by 0.19999999999998863F in 10 minutes.
2024-06-09 17:37:17,565.hm_consumer.INFO  [!] Food Stall Alert! jackfruit temp changed by 0.30000000000001137F in 10 minutes.
2024-06-09 17:37:17,566.hm_consumer.INFO Food Stall Alert! pineapple temperature changed by 0.09999999999999432F in 10 minutes.
2024-06-09 17:37:17,566.hm_consumer.INFO  [!] Food Stall Alert! jackfruit temp changed by 0.30000000000001137F in 10 minutes.
2024-06-09 17:37:17,567.hm_consumer.INFO Food Stall Alert! pineapple temperature changed by 0.19999999999998863F in 10 minutes.
2024-06-09 17:37:17,568.hm_consumer.INFO  [!] Food Stall Alert! jackfruit temp changed by 0.20000000000001705F in 10 minutes.
2024-06-09 17:37:17,568.hm_consumer.INFO Food Stall Alert! pineapple temperature changed by 0.19999999999998863F in 10 minutes.
2024-06-09 17:37:17,569.hm_consumer.INFO  [!] Food Stall Alert! jackfruit temp changed by 0.20000000000001705F in 10 minutes.
2024-06-09 17:37:17,570.hm_consumer.INFO Food Stall Alert! pineapple temperature changed by 0.19999999999998863F in 10 minutes.
2024-06-09 17:37:17,571.hm_consumer.INFO  [!] Food Stall Alert! jackfruit temp changed by 0.20000000000001705F in 10 minutes.
2024-06-09 17:37:17,572.hm_consumer.INFO Food Stall Alert! pineapple temperature changed by 0.19999999999998863F in 10 minutes.
2024-06-09 17:37:17,572.hm_consumer.INFO  [!] Food Stall Alert! jackfruit temp changed by 0.20000000000001705F in 10 minutes.
2024-06-09 17:37:17,573.hm_consumer.INFO Food Stall Alert! pineapple temperature changed by 0.19999999999998863F in 10 minutes.
2024-06-09 17:37:17,574.hm_consumer.INFO  [!] Food Stall Alert! jackfruit temp changed by 0.20000000000001705F in 10 minutes.
2024-06-09 17:37:17,574.hm_consumer.INFO Food Stall Alert! pineapple temperature changed by 0.19999999999998863F in 10 minutes.
2024-06-09 17:37:17,575.hm_consumer.INFO  [!] Food Stall Alert! jackfruit temp changed by 0.20000000000001705F in 10 minutes.
2024-06-09 17:37:17,575.hm_consumer.INFO Food Stall Alert! pineapple temperature changed by 0.19999999999998863F in 10 minutes.
2024-06-09 17:37:17,576.hm_consumer.INFO  [!] Food Stall Alert! jackfruit temp changed by 0.09999999999999432F in 10 minutes.
2024-06-09 17:37:17,576.hm_consumer.INFO Food Stall Alert! pineapple temperature changed by 0.09999999999999432F in 10 minutes.
2024-06-09 17:37:17,577.hm_consumer.INFO  [!] Food Stall Alert! jackfruit temp changed by 0.09999999999999432F in 10 minutes.
2024-06-09 17:37:17,579.hm_consumer.INFO Food Stall Alert! pineapple temperature changed by 0.09999999999999432F in 10 minutes.
2024-06-09 17:37:17,579.hm_consumer.INFO  [!] Food Stall Alert! jackfruit temp changed by 0.09999999999999432F in 10 minutes.
2024-06-09 17:37:17,580.hm_consumer.INFO Food Stall Alert! pineapple temperature changed by 0.09999999999999432F in 10 minutes.
2024-06-09 17:37:17,581.hm_consumer.INFO  [!] Food Stall Alert! jackfruit temp changed by 0.09999999999999432F in 10 minutes.
2024-06-09 17:37:17,581.hm_consumer.INFO Food Stall Alert! pineapple temperature changed by 0.09999999999999432F in 10 minutes.
2024-06-09 17:37:17,583.hm_consumer.INFO  [!] Food Stall Alert! jackfruit temp changed by 0.0F in 10 minutes.
2024-06-09 17:37:17,583.hm_consumer.INFO Food Stall Alert! pineapple temperature changed by 0.09999999999999432F in 10 minutes.
2024-06-09 17:37:17,584.hm_consumer.INFO  [!] Food Stall Alert! jackfruit temp changed by 0.09999999999999432F in 10 minutes.
2024-06-09 17:37:17,586.hm_consumer.INFO Food Stall Alert! pineapple temperature changed by 0.09999999999999432F in 10 minutes.
2024-06-09 17:37:17,587.hm_consumer.INFO  [!] Food Stall Alert! jackfruit temp changed by 0.09999999999999432F in 10 minutes.
2024-06-09 17:37:17,587.hm_consumer.INFO Food Stall Alert! pineapple temperature changed by 0.09999999999999432F in 10 minutes.
2024-06-09 17:37:17,588.hm_consumer.INFO  [!] Food Stall Alert! jackfruit temp changed by 0.09999999999999432F in 10 minutes.
2024-06-09 17:37:17,589.hm_consumer.INFO Food Stall Alert! pineapple temperature changed by 0.09999999999999432F in 10 minutes.
2024-06-09 17:37:17,590.hm_consumer.INFO  [!] Food Stall Alert! jackfruit temp changed by 0.09999999999999432F in 10 minutes.
2024-06-09 17:37:17,590.hm_consumer.INFO Food Stall Alert! pineapple temperature changed by 0.09999999999999432F in 10 minutes.
2024-06-09 17:37:17,591.hm_consumer.INFO  [!] Food Stall Alert! jackfruit temp changed by 0.09999999999999432F in 10 minutes.
2024-06-09 17:37:17,593.hm_consumer.INFO Food Stall Alert! pineapple temperature changed by 0.09999999999999432F in 10 minutes.
2024-06-09 17:37:17,594.hm_consumer.INFO  [!] Food Stall Alert! jackfruit temp changed by 0.09999999999999432F in 10 minutes.
2024-06-09 17:37:17,594.hm_consumer.INFO Food Stall Alert! pineapple temperature changed by 0.09999999999999432F in 10 minutes.
2024-06-09 17:37:17,595.hm_consumer.INFO  [!] Food Stall Alert! jackfruit temp changed by 0.09999999999999432F in 10 minutes.
2024-06-09 17:37:17,596.hm_consumer.INFO Food Stall Alert! pineapple temperature changed by 0.09999999999999432F in 10 minutes.
2024-06-09 17:37:17,596.hm_consumer.INFO  [!] Food Stall Alert! jackfruit temp changed by 0.09999999999999432F in 10 minutes.
2024-06-09 17:37:17,597.hm_consumer.INFO Food Stall Alert! pineapple temperature changed by 0.0F in 10 minutes.
2024-06-09 17:37:17,598.hm_consumer.INFO  [!] Food Stall Alert! jackfruit temp changed by 0.09999999999999432F in 10 minutes.
2024-06-09 17:37:17,599.hm_consumer.INFO Food Stall Alert! pineapple temperature changed by 0.0F in 10 minutes.
2024-06-09 17:37:17,600.hm_consumer.INFO  [!] Food Stall Alert! jackfruit temp changed by 0.09999999999999432F in 10 minutes.
2024-06-09 17:37:17,600.hm_consumer.INFO Food Stall Alert! pineapple temperature changed by 0.0F in 10 minutes.
2024-06-09 17:37:17,601.hm_consumer.INFO  [!] Food Stall Alert! jackfruit temp changed by 0.09999999999999432F in 10 minutes.
2024-06-09 17:37:17,602.hm_consumer.INFO Food Stall Alert! pineapple temperature changed by 0.0F in 10 minutes.
2024-06-09 17:37:17,602.hm_consumer.INFO  [!] Food Stall Alert! jackfruit temp changed by 0.09999999999999432F in 10 minutes.
2024-06-09 17:37:17,603.hm_consumer.INFO Food Stall Alert! pineapple temperature changed by 0.0F in 10 minutes.
2024-06-09 17:37:17,604.hm_consumer.INFO  [!] Food Stall Alert! jackfruit temp changed by 0.09999999999999432F in 10 minutes.
2024-06-09 17:37:17,605.hm_consumer.INFO Food Stall Alert! pineapple temperature changed by 0.0F in 10 minutes.
2024-06-09 17:37:17,606.hm_consumer.INFO  [!] Food Stall Alert! jackfruit temp changed by 0.09999999999999432F in 10 minutes.
2024-06-09 17:37:17,607.hm_consumer.INFO Food Stall Alert! pineapple temperature changed by 0.0F in 10 minutes.
2024-06-09 17:37:17,607.hm_consumer.INFO  [!] Food Stall Alert! jackfruit temp changed by 0.09999999999999432F in 10 minutes.
2024-06-09 17:37:17,608.hm_consumer.INFO Food Stall Alert! pineapple temperature changed by 0.0F in 10 minutes.
2024-06-09 17:37:17,609.hm_consumer.INFO  [!] Food Stall Alert! jackfruit temp changed by 0.09999999999999432F in 10 minutes.
2024-06-09 17:37:17,609.hm_consumer.INFO Food Stall Alert! pineapple temperature changed by 0.0F in 10 minutes.
2024-06-09 17:37:17,610.hm_consumer.INFO  [!] Food Stall Alert! jackfruit temp changed by 0.09999999999999432F in 10 minutes.
2024-06-09 17:37:17,610.hm_consumer.INFO Food Stall Alert! pineapple temperature changed by 0.0F in 10 minutes.
2024-06-09 17:37:17,611.hm_consumer.INFO  [!] Food Stall Alert! jackfruit temp changed by 0.09999999999999432F in 10 minutes.
2024-06-09 17:37:17,612.hm_consumer.INFO Food Stall Alert! pineapple temperature changed by 0.0F in 10 minutes.
2024-06-09 17:37:17,613.hm_consumer.INFO  [!] Food Stall Alert! jackfruit temp changed by 0.20000000000001705F in 10 minutes.
2024-06-09 17:37:17,613.hm_consumer.INFO Food Stall Alert! pineapple temperature changed by 0.0F in 10 minutes.
2024-06-09 17:37:17,614.hm_consumer.INFO  [!] Food Stall Alert! jackfruit temp changed by 0.10000000000002274F in 10 minutes.
2024-06-09 17:37:17,615.hm_consumer.INFO Food Stall Alert! pineapple temperature changed by 0.0F in 10 minutes.
2024-06-09 17:37:17,615.hm_consumer.INFO  [!] Food Stall Alert! jackfruit temp changed by 0.10000000000002274F in 10 minutes.
2024-06-09 17:37:17,616.hm_consumer.INFO Food Stall Alert! pineapple temperature changed by 0.0F in 10 minutes.
2024-06-09 17:37:17,616.hm_consumer.INFO  [!] Food Stall Alert! jackfruit temp changed by 0.10000000000002274F in 10 minutes.
2024-06-09 17:37:17,617.hm_consumer.INFO Food Stall Alert! pineapple temperature changed by 0.0F in 10 minutes.
2024-06-09 17:37:17,618.hm_consumer.INFO  [!] Food Stall Alert! jackfruit temp changed by 0.10000000000002274F in 10 minutes.
2024-06-09 17:37:17,619.hm_consumer.INFO Food Stall Alert! pineapple temperature changed by 0.0F in 10 minutes.
2024-06-09 17:37:17,620.hm_consumer.INFO  [!] Food Stall Alert! jackfruit temp changed by 0.10000000000002274F in 10 minutes.
2024-06-09 17:37:17,621.hm_consumer.INFO Food Stall Alert! pineapple temperature changed by 0.0F in 10 minutes.
2024-06-09 17:37:17,622.hm_consumer.INFO  [!] Food Stall Alert! jackfruit temp changed by 0.10000000000002274F in 10 minutes.
2024-06-09 17:37:17,623.hm_consumer.INFO Food Stall Alert! pineapple temperature changed by 0.09999999999999432F in 10 minutes.
2024-06-09 17:37:17,623.hm_consumer.INFO  [!] Food Stall Alert! jackfruit temp changed by 0.10000000000002274F in 10 minutes.
2024-06-09 17:37:17,624.hm_consumer.INFO Food Stall Alert! pineapple temperature changed by 0.09999999999999432F in 10 minutes.
2024-06-09 17:37:17,624.hm_consumer.INFO  [!] Food Stall Alert! jackfruit temp changed by 0.10000000000002274F in 10 minutes.
2024-06-09 17:37:17,625.hm_consumer.INFO Food Stall Alert! pineapple temperature changed by 0.09999999999999432F in 10 minutes.
2024-06-09 17:37:17,626.hm_consumer.INFO  [!] Food Stall Alert! jackfruit temp changed by 0.10000000000002274F in 10 minutes.
2024-06-09 17:37:17,628.hm_consumer.INFO Food Stall Alert! pineapple temperature changed by 0.09999999999999432F in 10 minutes.
2024-06-09 17:37:17,628.hm_consumer.INFO  [!] Food Stall Alert! jackfruit temp changed by 0.20000000000001705F in 10 minutes.
2024-06-09 17:37:17,629.hm_consumer.INFO Food Stall Alert! pineapple temperature changed by 0.09999999999999432F in 10 minutes.
2024-06-09 17:37:17,630.hm_consumer.INFO  [!] Food Stall Alert! jackfruit temp changed by 0.20000000000001705F in 10 minutes.
2024-06-09 17:37:17,630.hm_consumer.INFO Food Stall Alert! pineapple temperature changed by 0.09999999999999432F in 10 minutes.
2024-06-09 17:37:17,631.hm_consumer.INFO  [!] Food Stall Alert! jackfruit temp changed by 0.20000000000001705F in 10 minutes.
2024-06-09 17:37:17,631.hm_consumer.INFO Food Stall Alert! pineapple temperature changed by 0.09999999999999432F in 10 minutes.
2024-06-09 17:37:17,632.hm_consumer.INFO  [!] Food Stall Alert! jackfruit temp changed by 0.20000000000001705F in 10 minutes.
2024-06-09 17:37:17,633.hm_consumer.INFO Food Stall Alert! pineapple temperature changed by 0.09999999999999432F in 10 minutes.
2024-06-09 17:37:17,633.hm_consumer.INFO  [!] Food Stall Alert! jackfruit temp changed by 0.30000000000001137F in 10 minutes.
2024-06-09 17:37:17,634.hm_consumer.INFO Food Stall Alert! pineapple temperature changed by 0.09999999999999432F in 10 minutes.
2024-06-09 17:37:17,635.hm_consumer.INFO  [!] Food Stall Alert! jackfruit temp changed by 0.30000000000001137F in 10 minutes.
2024-06-09 17:37:17,635.hm_consumer.INFO Food Stall Alert! pineapple temperature changed by 0.09999999999999432F in 10 minutes.
2024-06-09 17:37:17,636.hm_consumer.INFO  [!] Food Stall Alert! jackfruit temp changed by 0.30000000000001137F in 10 minutes.
2024-06-09 17:37:17,637.hm_consumer.INFO Food Stall Alert! pineapple temperature changed by 0.09999999999999432F in 10 minutes.
2024-06-09 17:37:17,637.hm_consumer.INFO  [!] Food Stall Alert! jackfruit temp changed by 0.30000000000001137F in 10 minutes.
2024-06-09 17:37:17,638.hm_consumer.INFO Food Stall Alert! pineapple temperature changed by 0.09999999999999432F in 10 minutes.
2024-06-09 17:37:17,639.hm_consumer.INFO  [!] Food Stall Alert! jackfruit temp changed by 0.30000000000001137F in 10 minutes.
2024-06-09 17:37:17,640.hm_consumer.INFO Food Stall Alert! pineapple temperature changed by 0.20000000000001705F in 10 minutes.
2024-06-09 17:37:17,642.hm_consumer.INFO  [!] Food Stall Alert! jackfruit temp changed by 0.19999999999998863F in 10 minutes.
2024-06-09 17:37:17,642.hm_consumer.INFO Food Stall Alert! pineapple temperature changed by 0.20000000000001705F in 10 minutes.
2024-06-09 17:37:17,643.hm_consumer.INFO  [!] Food Stall Alert! jackfruit temp changed by 0.29999999999998295F in 10 minutes.
2024-06-09 17:37:17,644.hm_consumer.INFO Food Stall Alert! pineapple temperature changed by 0.20000000000001705F in 10 minutes.
2024-06-09 17:37:17,644.hm_consumer.INFO  [!] Food Stall Alert! jackfruit temp changed by 0.29999999999998295F in 10 minutes.
2024-06-09 17:37:17,645.hm_consumer.INFO Food Stall Alert! pineapple temperature changed by 0.20000000000001705F in 10 minutes.
2024-06-09 17:37:17,645.hm_consumer.INFO  [!] Food Stall Alert! jackfruit temp changed by 0.29999999999998295F in 10 minutes.
2024-06-09 17:37:17,646.hm_consumer.INFO Food Stall Alert! pineapple temperature changed by 0.20000000000001705F in 10 minutes.
2024-06-09 17:37:17,647.hm_consumer.INFO  [!] Food Stall Alert! jackfruit temp changed by 0.29999999999998295F in 10 minutes.
2024-06-09 17:37:17,648.hm_consumer.INFO Food Stall Alert! pineapple temperature changed by 0.20000000000001705F in 10 minutes.
2024-06-09 17:37:17,649.hm_consumer.INFO  [!] Food Stall Alert! jackfruit temp changed by 0.29999999999998295F in 10 minutes.
2024-06-09 17:37:17,649.hm_consumer.INFO Food Stall Alert! pineapple temperature changed by 0.20000000000001705F in 10 minutes.
2024-06-09 17:37:17,650.hm_consumer.INFO  [!] Food Stall Alert! jackfruit temp changed by 0.29999999999998295F in 10 minutes.
2024-06-09 17:37:17,650.hm_consumer.INFO Food Stall Alert! pineapple temperature changed by 0.10000000000002274F in 10 minutes.
2024-06-09 17:37:17,651.hm_consumer.INFO  [!] Food Stall Alert! jackfruit temp changed by 0.39999999999997726F in 10 minutes.
2024-06-09 17:37:17,652.hm_consumer.INFO Food Stall Alert! pineapple temperature changed by 0.20000000000001705F in 10 minutes.
2024-06-09 17:37:17,653.hm_consumer.INFO  [!] Food Stall Alert! jackfruit temp changed by 0.39999999999997726F in 10 minutes.
2024-06-09 17:37:17,654.hm_consumer.INFO Food Stall Alert! pineapple temperature changed by 0.20000000000001705F in 10 minutes.
2024-06-09 17:37:17,654.hm_consumer.INFO  [!] Food Stall Alert! jackfruit temp changed by 0.39999999999997726F in 10 minutes.
2024-06-09 17:37:17,655.hm_consumer.INFO Food Stall Alert! pineapple temperature changed by 0.20000000000001705F in 10 minutes.
2024-06-09 17:37:17,656.hm_consumer.INFO  [!] Food Stall Alert! jackfruit temp changed by 0.29999999999998295F in 10 minutes.
2024-06-09 17:37:17,656.hm_consumer.INFO Food Stall Alert! pineapple temperature changed by 0.20000000000001705F in 10 minutes.
2024-06-09 17:37:17,657.hm_consumer.INFO  [!] Food Stall Alert! jackfruit temp changed by 0.29999999999998295F in 10 minutes.
2024-06-09 17:37:17,657.hm_consumer.INFO Food Stall Alert! pineapple temperature changed by 0.20000000000001705F in 10 minutes.
2024-06-09 17:37:17,658.hm_consumer.INFO  [!] Food Stall Alert! jackfruit temp changed by 0.29999999999998295F in 10 minutes.
2024-06-09 17:37:17,659.hm_consumer.INFO Food Stall Alert! pineapple temperature changed by 0.20000000000001705F in 10 minutes.
2024-06-09 17:37:17,660.hm_consumer.INFO  [!] Food Stall Alert! jackfruit temp changed by 0.29999999999998295F in 10 minutes.
2024-06-09 17:37:17,660.hm_consumer.INFO Food Stall Alert! pineapple temperature changed by 0.30000000000001137F in 10 minutes.
2024-06-09 17:37:17,662.hm_consumer.INFO  [!] Food Stall Alert! jackfruit temp changed by 0.19999999999998863F in 10 minutes.
2024-06-09 17:37:17,663.hm_consumer.INFO Food Stall Alert! pineapple temperature changed by 0.30000000000001137F in 10 minutes.
2024-06-09 17:37:17,664.hm_consumer.INFO  [!] Food Stall Alert! jackfruit temp changed by 0.30000000000001137F in 10 minutes.
2024-06-09 17:37:17,664.hm_consumer.INFO Food Stall Alert! pineapple temperature changed by 0.30000000000001137F in 10 minutes.
2024-06-09 17:37:17,665.hm_consumer.INFO  [!] Food Stall Alert! jackfruit temp changed by 0.30000000000001137F in 10 minutes.
2024-06-09 17:37:17,665.hm_consumer.INFO Food Stall Alert! pineapple temperature changed by 0.30000000000001137F in 10 minutes.
2024-06-09 17:37:17,666.hm_consumer.INFO  [!] Food Stall Alert! jackfruit temp changed by 0.30000000000001137F in 10 minutes.
2024-06-09 17:37:17,667.hm_consumer.INFO Food Stall Alert! pineapple temperature changed by 0.30000000000001137F in 10 minutes.
2024-06-09 17:37:17,667.hm_consumer.INFO  [!] Food Stall Alert! jackfruit temp changed by 0.30000000000001137F in 10 minutes.
2024-06-09 17:37:17,668.hm_consumer.INFO Food Stall Alert! pineapple temperature changed by 0.19999999999998863F in 10 minutes.
2024-06-09 17:37:17,669.hm_consumer.INFO  [!] Food Stall Alert! jackfruit temp changed by 0.30000000000001137F in 10 minutes.
2024-06-09 17:37:17,670.hm_consumer.INFO Food Stall Alert! pineapple temperature changed by 0.29999999999998295F in 10 minutes.
2024-06-09 17:37:17,670.hm_consumer.INFO  [!] Food Stall Alert! jackfruit temp changed by 0.20000000000001705F in 10 minutes.
2024-06-09 17:37:17,671.hm_consumer.INFO Food Stall Alert! pineapple temperature changed by 0.29999999999998295F in 10 minutes.
2024-06-09 17:37:17,671.hm_consumer.INFO  [!] Food Stall Alert! jackfruit temp changed by 0.20000000000001705F in 10 minutes.
2024-06-09 17:37:17,672.hm_consumer.INFO Food Stall Alert! pineapple temperature changed by 0.29999999999998295F in 10 minutes.
2024-06-09 17:37:17,673.hm_consumer.INFO  [!] Food Stall Alert! jackfruit temp changed by 0.20000000000001705F in 10 minutes.
2024-06-09 17:37:17,673.hm_consumer.INFO Food Stall Alert! pineapple temperature changed by 0.29999999999998295F in 10 minutes.
2024-06-09 17:37:17,674.hm_consumer.INFO  [!] Food Stall Alert! jackfruit temp changed by 0.20000000000001705F in 10 minutes.
2024-06-09 17:37:17,675.hm_consumer.INFO Food Stall Alert! pineapple temperature changed by 0.29999999999998295F in 10 minutes.
2024-06-09 17:37:17,676.hm_consumer.INFO  [!] Food Stall Alert! jackfruit temp changed by 0.20000000000001705F in 10 minutes.
2024-06-09 17:37:17,677.hm_consumer.INFO Food Stall Alert! pineapple temperature changed by 0.29999999999998295F in 10 minutes.
2024-06-09 17:37:17,677.hm_consumer.INFO  [!] Food Stall Alert! jackfruit temp changed by 0.30000000000001137F in 10 minutes.
2024-06-09 17:37:17,678.hm_consumer.INFO Food Stall Alert! pineapple temperature changed by 0.39999999999997726F in 10 minutes.
2024-06-09 17:37:17,678.hm_consumer.INFO  [!] Food Stall Alert! jackfruit temp changed by 0.20000000000001705F in 10 minutes.
2024-06-09 17:37:17,679.hm_consumer.INFO Food Stall Alert! pineapple temperature changed by 0.29999999999998295F in 10 minutes.
2024-06-09 17:37:17,680.hm_consumer.INFO  [!] Food Stall Alert! jackfruit temp changed by 0.20000000000001705F in 10 minutes.
2024-06-09 17:37:17,680.hm_consumer.INFO Food Stall Alert! pineapple temperature changed by 0.29999999999998295F in 10 minutes.
2024-06-09 17:37:17,681.hm_consumer.INFO  [!] Food Stall Alert! jackfruit temp changed by 0.20000000000001705F in 10 minutes.
2024-06-09 17:37:17,682.hm_consumer.INFO Food Stall Alert! pineapple temperature changed by 0.29999999999998295F in 10 minutes.
2024-06-09 17:37:17,683.hm_consumer.INFO  [!] Food Stall Alert! jackfruit temp changed by 0.20000000000001705F in 10 minutes.
2024-06-09 17:37:17,683.hm_consumer.INFO Food Stall Alert! pineapple temperature changed by 0.4000000000000057F in 10 minutes.
2024-06-09 17:37:17,684.hm_consumer.INFO  [!] Food Stall Alert! jackfruit temp changed by 0.20000000000001705F in 10 minutes.
2024-06-09 17:37:17,685.hm_consumer.INFO Food Stall Alert! pineapple temperature changed by 0.4000000000000057F in 10 minutes.
2024-06-09 17:37:17,685.hm_consumer.INFO  [!] Food Stall Alert! jackfruit temp changed by 0.30000000000001137F in 10 minutes.
2024-06-09 17:37:17,686.hm_consumer.INFO Food Stall Alert! pineapple temperature changed by 0.4000000000000057F in 10 minutes.
2024-06-09 17:37:17,686.hm_consumer.INFO  [!] Food Stall Alert! jackfruit temp changed by 0.30000000000001137F in 10 minutes.
2024-06-09 17:37:17,687.hm_consumer.INFO Food Stall Alert! pineapple temperature changed by 0.30000000000001137F in 10 minutes.
2024-06-09 17:37:17,688.hm_consumer.INFO  [!] Food Stall Alert! jackfruit temp changed by 0.30000000000001137F in 10 minutes.
2024-06-09 17:37:17,688.hm_consumer.INFO Food Stall Alert! pineapple temperature changed by 0.4000000000000057F in 10 minutes.
2024-06-09 17:37:17,689.hm_consumer.INFO  [!] Food Stall Alert! jackfruit temp changed by 0.19999999999998863F in 10 minutes.
2024-06-09 17:37:17,690.hm_consumer.INFO Food Stall Alert! pineapple temperature changed by 0.4000000000000057F in 10 minutes.
2024-06-09 17:37:17,691.hm_consumer.INFO  [!] Food Stall Alert! jackfruit temp changed by 0.29999999999998295F in 10 minutes.
2024-06-09 17:37:17,691.hm_consumer.INFO Food Stall Alert! pineapple temperature changed by 0.4000000000000057F in 10 minutes.
2024-06-09 17:37:17,692.hm_consumer.INFO  [!] Food Stall Alert! jackfruit temp changed by 0.29999999999998295F in 10 minutes.
2024-06-09 17:37:17,692.hm_consumer.INFO Food Stall Alert! pineapple temperature changed by 0.4000000000000057F in 10 minutes.
2024-06-09 17:37:17,693.hm_consumer.INFO  [!] Food Stall Alert! jackfruit temp changed by 0.29999999999998295F in 10 minutes.
2024-06-09 17:37:17,693.hm_consumer.INFO Food Stall Alert! pineapple temperature changed by 0.5F in 10 minutes.
2024-06-09 17:37:17,694.hm_consumer.INFO  [!] Food Stall Alert! jackfruit temp changed by 0.29999999999998295F in 10 minutes.
2024-06-09 17:37:17,695.hm_consumer.INFO Food Stall Alert! pineapple temperature changed by 0.4000000000000057F in 10 minutes.
2024-06-09 17:37:17,695.hm_consumer.INFO  [!] Food Stall Alert! jackfruit temp changed by 0.29999999999998295F in 10 minutes.
2024-06-09 17:37:17,696.hm_consumer.INFO Food Stall Alert! pineapple temperature changed by 0.4000000000000057F in 10 minutes.
2024-06-09 17:37:17,697.hm_consumer.INFO  [!] Food Stall Alert! jackfruit temp changed by 0.29999999999998295F in 10 minutes.
2024-06-09 17:37:17,697.hm_consumer.INFO Food Stall Alert! pineapple temperature changed by 0.4000000000000057F in 10 minutes.
2024-06-09 17:37:17,698.hm_consumer.INFO  [!] Food Stall Alert! jackfruit temp changed by 0.29999999999998295F in 10 minutes.
2024-06-09 17:37:17,699.hm_consumer.INFO Food Stall Alert! pineapple temperature changed by 0.5F in 10 minutes.
2024-06-09 17:37:17,700.hm_consumer.INFO  [!] Food Stall Alert! jackfruit temp changed by 0.29999999999998295F in 10 minutes.
2024-06-09 17:37:17,700.hm_consumer.INFO Food Stall Alert! pineapple temperature changed by 0.5F in 10 minutes.
2024-06-09 17:37:17,701.hm_consumer.INFO  [!] Food Stall Alert! jackfruit temp changed by 0.39999999999997726F in 10 minutes.
2024-06-09 17:37:17,701.hm_consumer.INFO Food Stall Alert! pineapple temperature changed by 0.5F in 10 minutes.
2024-06-09 17:37:17,702.hm_consumer.INFO  [!] Food Stall Alert! jackfruit temp changed by 0.29999999999998295F in 10 minutes.
2024-06-09 17:37:17,703.hm_consumer.INFO Food Stall Alert! pineapple temperature changed by 0.4000000000000057F in 10 minutes.
2024-06-09 17:37:17,704.hm_consumer.INFO  [!] Food Stall Alert! jackfruit temp changed by 0.29999999999998295F in 10 minutes.
2024-06-09 17:37:17,704.hm_consumer.INFO Food Stall Alert! pineapple temperature changed by 0.5F in 10 minutes.
2024-06-09 17:37:17,705.hm_consumer.INFO  [!] Food Stall Alert! jackfruit temp changed by 0.29999999999998295F in 10 minutes.
2024-06-09 17:37:17,705.hm_consumer.INFO Food Stall Alert! pineapple temperature changed by 0.5F in 10 minutes.
2024-06-09 17:37:17,706.hm_consumer.INFO  [!] Food Stall Alert! jackfruit temp changed by 0.29999999999998295F in 10 minutes.
2024-06-09 17:37:17,706.hm_consumer.INFO Food Stall Alert! pineapple temperature changed by 0.5F in 10 minutes.
2024-06-09 17:37:17,707.hm_consumer.INFO  [!] Food Stall Alert! jackfruit temp changed by 0.29999999999998295F in 10 minutes.
2024-06-09 17:37:17,707.hm_consumer.INFO Food Stall Alert! pineapple temperature changed by 0.39999999999997726F in 10 minutes.
2024-06-09 17:37:17,708.hm_consumer.INFO  [!] Food Stall Alert! jackfruit temp changed by 0.4000000000000057F in 10 minutes.
2024-06-09 17:37:17,709.hm_consumer.INFO Food Stall Alert! pineapple temperature changed by 0.5F in 10 minutes.
2024-06-09 17:37:17,710.hm_consumer.INFO  [!] Food Stall Alert! jackfruit temp changed by 0.30000000000001137F in 10 minutes.
2024-06-09 17:37:17,711.hm_consumer.INFO Food Stall Alert! pineapple temperature changed by 0.5F in 10 minutes.
2024-06-09 17:37:17,711.hm_consumer.INFO  [!] Food Stall Alert! jackfruit temp changed by 0.30000000000001137F in 10 minutes.
2024-06-09 17:37:17,712.hm_consumer.INFO Food Stall Alert! pineapple temperature changed by 0.5F in 10 minutes.
2024-06-09 17:37:17,713.hm_consumer.INFO  [!] Food Stall Alert! jackfruit temp changed by 0.30000000000001137F in 10 minutes.
2024-06-09 17:37:17,713.hm_consumer.INFO Food Stall Alert! pineapple temperature changed by 0.4000000000000057F in 10 minutes.
2024-06-09 17:37:17,714.hm_consumer.INFO  [!] Food Stall Alert! jackfruit temp changed by 0.30000000000001137F in 10 minutes.
2024-06-09 17:37:17,715.hm_consumer.INFO Food Stall Alert! pineapple temperature changed by 0.5F in 10 minutes.
2024-06-09 17:37:17,716.hm_consumer.INFO  [!] Food Stall Alert! jackfruit temp changed by 0.20000000000001705F in 10 minutes.
2024-06-09 17:37:17,716.hm_consumer.INFO Food Stall Alert! pineapple temperature changed by 0.5F in 10 minutes.
2024-06-09 17:37:17,717.hm_consumer.INFO  [!] Food Stall Alert! jackfruit temp changed by 0.30000000000001137F in 10 minutes.
2024-06-09 17:37:17,718.hm_consumer.INFO Food Stall Alert! pineapple temperature changed by 0.5F in 10 minutes.
2024-06-09 17:37:17,719.hm_consumer.INFO  [!] Food Stall Alert! jackfruit temp changed by 0.30000000000001137F in 10 minutes.
2024-06-09 17:37:17,719.hm_consumer.INFO Food Stall Alert! pineapple temperature changed by 0.4000000000000057F in 10 minutes.
2024-06-09 17:37:17,720.hm_consumer.INFO  [!] Food Stall Alert! jackfruit temp changed by 0.30000000000001137F in 10 minutes.
2024-06-09 17:37:17,721.hm_consumer.INFO Food Stall Alert! pineapple temperature changed by 0.5F in 10 minutes.
2024-06-09 17:37:17,721.hm_consumer.INFO  [!] Food Stall Alert! jackfruit temp changed by 0.30000000000001137F in 10 minutes.
2024-06-09 17:37:17,722.hm_consumer.INFO Food Stall Alert! pineapple temperature changed by 0.5F in 10 minutes.
2024-06-09 17:37:17,724.hm_consumer.INFO  [!] Food Stall Alert! jackfruit temp changed by 0.30000000000001137F in 10 minutes.
2024-06-09 17:37:17,725.hm_consumer.INFO Food Stall Alert! pineapple temperature changed by 0.5F in 10 minutes.
2024-06-09 17:37:17,725.hm_consumer.INFO  [!] Food Stall Alert! jackfruit temp changed by 0.30000000000001137F in 10 minutes.
2024-06-09 17:37:17,726.hm_consumer.INFO Food Stall Alert! pineapple temperature changed by 0.4000000000000057F in 10 minutes.
2024-06-09 17:37:17,726.hm_consumer.INFO  [!] Food Stall Alert! jackfruit temp changed by 0.30000000000001137F in 10 minutes.
2024-06-09 17:37:17,727.hm_consumer.INFO Food Stall Alert! pineapple temperature changed by 0.5F in 10 minutes.
2024-06-09 17:37:17,728.hm_consumer.INFO  [!] Food Stall Alert! jackfruit temp changed by 0.20000000000001705F in 10 minutes.
2024-06-09 17:37:17,728.hm_consumer.INFO Food Stall Alert! pineapple temperature changed by 0.5F in 10 minutes.
2024-06-09 17:37:17,729.hm_consumer.INFO  [!] Food Stall Alert! jackfruit temp changed by 0.30000000000001137F in 10 minutes.
2024-06-09 17:37:17,730.hm_consumer.INFO Food Stall Alert! pineapple temperature changed by 0.5F in 10 minutes.
2024-06-09 17:37:17,731.hm_consumer.INFO  [!] Food Stall Alert! jackfruit temp changed by 0.30000000000001137F in 10 minutes.
2024-06-09 17:37:17,732.hm_consumer.INFO Food Stall Alert! pineapple temperature changed by 0.4000000000000057F in 10 minutes.
2024-06-09 17:37:17,733.hm_consumer.INFO  [!] Food Stall Alert! jackfruit temp changed by 0.30000000000001137F in 10 minutes.
2024-06-09 17:37:17,733.hm_consumer.INFO Food Stall Alert! pineapple temperature changed by 0.5F in 10 minutes.
2024-06-09 17:37:17,734.hm_consumer.INFO  [!] Food Stall Alert! jackfruit temp changed by 0.30000000000001137F in 10 minutes.
2024-06-09 17:37:17,734.hm_consumer.INFO Food Stall Alert! pineapple temperature changed by 0.5F in 10 minutes.
2024-06-09 17:37:17,735.hm_consumer.INFO  [!] Food Stall Alert! jackfruit temp changed by 0.30000000000001137F in 10 minutes.
2024-06-09 17:37:17,735.hm_consumer.INFO Food Stall Alert! pineapple temperature changed by 0.5F in 10 minutes.
2024-06-09 17:37:17,736.hm_consumer.INFO  [!] Food Stall Alert! jackfruit temp changed by 0.19999999999998863F in 10 minutes.
2024-06-09 17:37:17,737.hm_consumer.INFO Food Stall Alert! pineapple temperature changed by 0.39999999999997726F in 10 minutes.
2024-06-09 17:37:17,738.hm_consumer.INFO  [!] Food Stall Alert! jackfruit temp changed by 0.19999999999998863F in 10 minutes.
2024-06-09 17:37:17,738.hm_consumer.INFO Food Stall Alert! pineapple temperature changed by 0.5F in 10 minutes.
2024-06-09 17:37:17,739.hm_consumer.INFO  [!] Food Stall Alert! jackfruit temp changed by 0.19999999999998863F in 10 minutes.
2024-06-09 17:37:17,740.hm_consumer.INFO Food Stall Alert! pineapple temperature changed by 0.5F in 10 minutes.
2024-06-09 17:37:17,741.hm_consumer.INFO  [!] Food Stall Alert! jackfruit temp changed by 0.19999999999998863F in 10 minutes.
2024-06-09 17:37:17,742.hm_consumer.INFO Food Stall Alert! pineapple temperature changed by 0.5F in 10 minutes.
2024-06-09 17:37:17,742.hm_consumer.INFO  [!] Food Stall Alert! jackfruit temp changed by 0.19999999999998863F in 10 minutes.
2024-06-09 17:37:17,743.hm_consumer.INFO Food Stall Alert! pineapple temperature changed by 0.4000000000000057F in 10 minutes.
2024-06-09 17:37:17,744.hm_consumer.INFO  [!] Food Stall Alert! jackfruit temp changed by 0.19999999999998863F in 10 minutes.
2024-06-09 17:37:17,744.hm_consumer.INFO Food Stall Alert! pineapple temperature changed by 0.5F in 10 minutes.
2024-06-09 17:37:17,745.hm_consumer.INFO  [!] Food Stall Alert! jackfruit temp changed by 0.09999999999999432F in 10 minutes.
2024-06-09 17:37:17,745.hm_consumer.INFO Food Stall Alert! pineapple temperature changed by 0.5F in 10 minutes.
2024-06-09 17:37:17,746.hm_consumer.INFO  [!] Food Stall Alert! jackfruit temp changed by 0.09999999999999432F in 10 minutes.
2024-06-09 17:37:17,747.hm_consumer.INFO Food Stall Alert! pineapple temperature changed by 0.5F in 10 minutes.
2024-06-09 17:37:17,748.hm_consumer.INFO  [!] Food Stall Alert! jackfruit temp changed by 0.09999999999999432F in 10 minutes.
2024-06-09 17:37:17,748.hm_consumer.INFO Food Stall Alert! pineapple temperature changed by 0.4000000000000057F in 10 minutes.
2024-06-09 17:37:17,749.hm_consumer.INFO  [!] Food Stall Alert! jackfruit temp changed by 0.09999999999999432F in 10 minutes.
2024-06-09 17:37:17,749.hm_consumer.INFO Food Stall Alert! pineapple temperature changed by 0.5F in 10 minutes.
2024-06-09 17:37:17,750.hm_consumer.INFO  [!] Food Stall Alert! jackfruit temp changed by 0.09999999999999432F in 10 minutes.
2024-06-09 17:37:17,751.hm_consumer.INFO Food Stall Alert! pineapple temperature changed by 0.5F in 10 minutes.
2024-06-09 17:37:17,752.hm_consumer.INFO  [!] Food Stall Alert! jackfruit temp changed by 0.09999999999999432F in 10 minutes.
2024-06-09 17:37:17,753.hm_consumer.INFO Food Stall Alert! pineapple temperature changed by 0.5F in 10 minutes.
2024-06-09 17:37:17,753.hm_consumer.INFO  [!] Food Stall Alert! jackfruit temp changed by 0.09999999999999432F in 10 minutes.
2024-06-09 17:37:17,754.hm_consumer.INFO Food Stall Alert! pineapple temperature changed by 0.4000000000000057F in 10 minutes.
2024-06-09 17:37:17,755.hm_consumer.INFO  [!] Food Stall Alert! jackfruit temp changed by 0.19999999999998863F in 10 minutes.
2024-06-09 17:37:17,755.hm_consumer.INFO Food Stall Alert! pineapple temperature changed by 0.4000000000000057F in 10 minutes.
2024-06-09 17:37:17,756.hm_consumer.INFO  [!] Food Stall Alert! jackfruit temp changed by 0.09999999999999432F in 10 minutes.
2024-06-09 17:37:17,756.hm_consumer.INFO Food Stall Alert! pineapple temperature changed by 0.4000000000000057F in 10 minutes.
2024-06-09 17:37:17,757.hm_consumer.INFO  [!] Food Stall Alert! jackfruit temp changed by 0.09999999999999432F in 10 minutes.
2024-06-09 17:37:17,758.hm_consumer.INFO Food Stall Alert! pineapple temperature changed by 0.5F in 10 minutes.
2024-06-09 17:37:17,759.hm_consumer.INFO  [!] Food Stall Alert! jackfruit temp changed by 0.09999999999999432F in 10 minutes.
2024-06-09 17:37:17,760.hm_consumer.INFO Food Stall Alert! pineapple temperature changed by 0.4000000000000057F in 10 minutes.
2024-06-09 17:37:17,760.hm_consumer.INFO  [!] Food Stall Alert! jackfruit temp changed by 0.19999999999998863F in 10 minutes.
2024-06-09 17:37:17,761.hm_consumer.INFO Food Stall Alert! pineapple temperature changed by 0.4000000000000057F in 10 minutes.
2024-06-09 17:37:17,762.hm_consumer.INFO  [!] Food Stall Alert! jackfruit temp changed by 0.19999999999998863F in 10 minutes.
2024-06-09 17:37:17,762.hm_consumer.INFO Food Stall Alert! pineapple temperature changed by 0.4000000000000057F in 10 minutes.
2024-06-09 17:37:17,763.hm_consumer.INFO  [!] Food Stall Alert! jackfruit temp changed by 0.30000000000001137F in 10 minutes.
2024-06-09 17:37:17,764.hm_consumer.INFO Food Stall Alert! pineapple temperature changed by 0.4000000000000057F in 10 minutes.
2024-06-09 17:37:17,764.hm_consumer.INFO  [!] Smoker Alert! Temp dropped by 18.0F in 2.5 minutes.
2024-06-09 17:37:17,765.hm_consumer.INFO  [!] Food Stall Alert! jackfruit temp changed by 0.30000000000001137F in 10 minutes.
2024-06-09 17:37:17,766.hm_consumer.INFO Food Stall Alert! pineapple temperature changed by 0.29999999999998295F in 10 minutes.
2024-06-09 17:37:17,766.hm_consumer.INFO  [!] Smoker Alert! Temp dropped by 18.0F in 2.5 minutes.
2024-06-09 17:37:17,767.hm_consumer.INFO  [!] Food Stall Alert! jackfruit temp changed by 0.30000000000001137F in 10 minutes.
2024-06-09 17:37:17,767.hm_consumer.INFO Food Stall Alert! pineapple temperature changed by 0.39999999999997726F in 10 minutes.
2024-06-09 17:37:17,768.hm_consumer.INFO  [!] Food Stall Alert! jackfruit temp changed by 0.30000000000001137F in 10 minutes.
2024-06-09 17:37:17,769.hm_consumer.INFO Food Stall Alert! pineapple temperature changed by 0.39999999999997726F in 10 minutes.
2024-06-09 17:37:17,769.hm_consumer.INFO  [!] Food Stall Alert! jackfruit temp changed by 0.4000000000000057F in 10 minutes.
2024-06-09 17:37:17,770.hm_consumer.INFO Food Stall Alert! pineapple temperature changed by 0.39999999999997726F in 10 minutes.
2024-06-09 17:37:17,771.hm_consumer.INFO  [!] Food Stall Alert! jackfruit temp changed by 0.4000000000000057F in 10 minutes.
2024-06-09 17:37:17,771.hm_consumer.INFO Food Stall Alert! pineapple temperature changed by 0.29999999999998295F in 10 minutes.
2024-06-09 17:37:17,772.hm_consumer.INFO  [!] Food Stall Alert! jackfruit temp changed by 0.4000000000000057F in 10 minutes.
2024-06-09 17:37:17,773.hm_consumer.INFO Food Stall Alert! pineapple temperature changed by 0.4000000000000057F in 10 minutes.
2024-06-09 17:37:17,774.hm_consumer.INFO  [!] Food Stall Alert! jackfruit temp changed by 0.4000000000000057F in 10 minutes.
2024-06-09 17:37:17,774.hm_consumer.INFO Food Stall Alert! pineapple temperature changed by 0.4000000000000057F in 10 minutes.
2024-06-09 17:37:17,790.hm_consumer.INFO  [!] Food Stall Alert! jackfruit temp changed by 1.0F in 10 minutes.
2024-06-09 17:37:17,792.hm_consumer.INFO  [!] Food Stall Alert! jackfruit temp changed by 0.6999999999999886F in 10 minutes.
2024-06-09 17:37:17,794.hm_consumer.INFO  [!] Food Stall Alert! jackfruit temp changed by 0.09999999999999432F in 10 minutes.
2024-06-09 17:37:17,795.hm_consumer.INFO  [!] Food Stall Alert! jackfruit temp changed by 0.4000000000000057F in 10 minutes.
2024-06-09 17:37:17,796.hm_consumer.INFO  [!] Food Stall Alert! jackfruit temp changed by 0.9000000000000057F in 10 minutes.
2024-06-09 17:37:17,797.hm_consumer.INFO Food Stall Alert! pineapple temperature changed by 0.8999999999999773F in 10 minutes.
2024-06-09 17:37:17,798.hm_consumer.INFO Food Stall Alert! pineapple temperature changed by 0.799999999999983F in 10 minutes.
2024-06-09 17:37:17,800.hm_consumer.INFO Food Stall Alert! pineapple temperature changed by 0.5F in 10 minutes.
2024-06-09 17:37:17,801.hm_consumer.INFO Food Stall Alert! pineapple temperature changed by 0.30000000000001137F in 10 minutes.
2024-06-09 17:37:17,802.hm_consumer.INFO Food Stall Alert! pineapple temperature changed by 0.09999999999999432F in 10 minutes.
2024-06-09 17:37:17,803.hm_consumer.INFO Food Stall Alert! pineapple temperature changed by 0.0F in 10 minutes.
2024-06-09 17:37:17,804.hm_consumer.INFO Food Stall Alert! pineapple temperature changed by 0.19999999999998863F in 10 minutes.
2024-06-09 17:37:17,804.hm_consumer.INFO Food Stall Alert! pineapple temperature changed by 0.4000000000000057F in 10 minutes.
2024-06-09 17:37:17,805.hm_consumer.INFO Food Stall Alert! pineapple temperature changed by 0.5F in 10 minutes.
2024-06-09 17:37:17,807.hm_consumer.INFO Food Stall Alert! pineapple temperature changed by 0.5F in 10 minutes.
2024-06-09 17:37:17,808.hm_consumer.INFO Food Stall Alert! pineapple temperature changed by 0.799999999999983F in 10 minutes.
2024-06-09 17:37:17,809.hm_consumer.INFO Food Stall Alert! pineapple temperature changed by 0.799999999999983F in 10 minutes.
2024-06-09 17:37:17,872.hm_consumer.INFO  [!] Smoker Alert! Temp dropped by 31.700000000000017F in 2.5 minutes.
2024-06-09 17:37:17,873.hm_consumer.INFO  [!] Smoker Alert! Temp dropped by 31.700000000000017F in 2.5 minutes.
2024-06-09 17:37:17,874.hm_consumer.INFO  [!] Smoker Alert! Temp dropped by 54.599999999999994F in 2.5 minutes.
2024-06-09 17:37:17,875.hm_consumer.INFO  [!] Smoker Alert! Temp dropped by 54.599999999999994F in 2.5 minutes.
2024-06-09 17:37:17,890.hm_consumer.INFO  [!] Food Stall Alert! jackfruit temp changed by 1.0F in 10 minutes.
2024-06-09 17:37:17,894.hm_consumer.INFO  [!] Food Stall Alert! jackfruit temp changed by 1.0F in 10 minutes.
2024-06-09 17:37:17,900.hm_consumer.INFO  [!] Food Stall Alert! jackfruit temp changed by 1.0F in 10 minutes.
2024-06-09 17:37:17,901.hm_consumer.INFO  [!] Food Stall Alert! jackfruit temp changed by 1.0F in 10 minutes.
2024-06-09 17:37:17,902.hm_consumer.INFO  [!] Food Stall Alert! jackfruit temp changed by 1.0F in 10 minutes.
2024-06-09 17:37:17,903.hm_consumer.INFO  [!] Food Stall Alert! jackfruit temp changed by 1.0F in 10 minutes.
2024-06-09 17:37:17,905.hm_consumer.INFO  [!] Food Stall Alert! jackfruit temp changed by 0.9000000000000057F in 10 minutes.
2024-06-09 17:37:17,907.hm_consumer.INFO  [!] Food Stall Alert! jackfruit temp changed by 1.0F in 10 minutes.
2024-06-09 17:37:17,908.hm_consumer.INFO  [!] Food Stall Alert! jackfruit temp changed by 1.0F in 10 minutes.
2024-06-09 17:37:17,909.hm_consumer.INFO  [!] Food Stall Alert! jackfruit temp changed by 1.0F in 10 minutes.
2024-06-09 17:37:17,910.hm_consumer.INFO  [!] Food Stall Alert! jackfruit temp changed by 0.8000000000000114F in 10 minutes.
2024-06-09 17:37:17,924.hm_consumer.INFO Food Stall Alert! pineapple temperature changed by 1.0F in 10 minutes.
2024-06-09 17:37:17,926.hm_consumer.INFO Food Stall Alert! pineapple temperature changed by 1.0F in 10 minutes.
2024-06-09 17:37:17,927.hm_consumer.INFO Food Stall Alert! pineapple temperature changed by 1.0F in 10 minutes.
2024-06-09 17:37:17,928.hm_consumer.INFO Food Stall Alert! pineapple temperature changed by 1.0F in 10 minutes.
2024-06-09 17:37:17,928.hm_consumer.INFO Food Stall Alert! pineapple temperature changed by 1.0F in 10 minutes.
2024-06-09 17:37:17,929.hm_consumer.INFO Food Stall Alert! pineapple temperature changed by 0.9000000000000057F in 10 minutes.
2024-06-09 17:37:17,930.hm_consumer.INFO Food Stall Alert! pineapple temperature changed by 0.9000000000000057F in 10 minutes.
2024-06-09 17:37:17,930.hm_consumer.INFO Food Stall Alert! pineapple temperature changed by 0.9000000000000057F in 10 minutes.
2024-06-09 17:37:17,931.hm_consumer.INFO Food Stall Alert! pineapple temperature changed by 0.8999999999999773F in 10 minutes.
2024-06-09 17:37:17,932.hm_consumer.INFO Food Stall Alert! pineapple temperature changed by 1.0F in 10 minutes.
2024-06-09 17:37:17,933.hm_consumer.INFO Food Stall Alert! pineapple temperature changed by 0.9000000000000057F in 10 minutes.
2024-06-09 17:37:17,934.hm_consumer.INFO Food Stall Alert! pineapple temperature changed by 0.9000000000000057F in 10 minutes.
2024-06-09 17:37:17,935.hm_consumer.INFO Food Stall Alert! pineapple temperature changed by 0.9000000000000057F in 10 minutes.
2024-06-09 17:37:17,936.hm_consumer.INFO Food Stall Alert! pineapple temperature changed by 1.0F in 10 minutes.
2024-06-09 17:37:17,937.hm_consumer.INFO Food Stall Alert! pineapple temperature changed by 0.9000000000000057F in 10 minutes.
2024-06-09 17:37:17,938.hm_consumer.INFO Food Stall Alert! pineapple temperature changed by 0.9000000000000057F in 10 minutes.
2024-06-09 17:37:17,939.hm_consumer.INFO Food Stall Alert! pineapple temperature changed by 0.9000000000000057F in 10 minutes.
2024-06-09 19:50:20,955.hm_consumer.ERROR An unexpected error occurred: leading zeros in decimal integer literals are not permitted; use an 0o prefix for octal integers (<string>, line 1)
